[35m[Appium][39m Welcome to Appium v2.5.0
[35m[Appium][39m Non-default server args:
[35m[Appium][39m { basePath: [32m'/wd/hub'[39m, loglevel: [32m'info'[39m, port: [33m10435[39m }
[35m[Appium][39m Attempting to load driver uiautomator2...
[35m[Appium][39m Appium REST http interface listener started on http://0.0.0.0:10435/wd/hub
[35m[Appium][39m You can provide the following URLs in your client code to connect to this server:
[35m[Appium][39m 	http://172.20.10.3:10435/wd/hub
[35m[Appium][39m 	http://127.0.0.1:10435/wd/hub (only accessible from the same host)
[35m[Appium][39m Available drivers:
[35m[Appium][39m   - uiautomator2@3.0.0 (automationName 'UiAutomator2')
[35m[Appium][39m No plugins have been installed. Use the "appium plugin" command to install the one(s) you want to use.
[38;5;0m[HTTP][0m [37m-->[39m [37mGET[39m [37m/wd/hub/status[39m
[38;5;0m[HTTP][0m [90m{}[39m
[38;5;0m[HTTP][0m [37m<-- GET /wd/hub/status [39m[32m200[39m [90m9 ms - 110[39m
[38;5;0m[HTTP][0m [90m[39m
[38;5;0m[HTTP][0m [37m-->[39m [37mPOST[39m [37m/wd/hub/session[39m
[38;5;0m[HTTP][0m [90m{"desiredCapabilities":{"appium:systemPort":10431,"appium:newCommandTimeout":1800,"appium:automationName":"uiautomator2","appium:fullReset":true,"appium:platformVersion":"14","appium:noReset":false,"appium:udid":"emulator-5554","appium:autoGrantPermissions":true,"appium:platformName":"ANDROID","appium:deviceName":"emulator-5554 (sdk_gphone64_x86_64 - Android 14)","platformName":"Android","appium:app":"C:\\Users\\asus\\Downloads\\Documents\\Compressed\\Advantage+demo+3.2.apk"},"capabilities":{"firstMatch":[{"appium:app":"C:\\Users\\asus\\Downloads\\Documents\\Compressed\\Advantage+demo+3.2.apk","appium:autoGrantPermissions":true,"appium:automationName":"uiautomator2","appium:deviceName":"emulator-5554 (sdk_gphone64_x86_64 - Android 14)","appium:fullReset":true,"appium:newCommandTimeout":1800,"appium:noReset":false,"appium:platformName":"ANDROID","appium:platformVersion":"14","appium:systemPort":10431,"appium:udid":"emulator-5554","platformName":"android"}]}}[39m
[38;5;32m[BaseDriver][0m Ignoring capability 'appium:platformName=ANDROID' and using capability 'platformName=android'
[38;5;32m[BaseDriver][0m The capabilities ["platformName"] are standard capabilities and do not require "appium:" prefix
[35m[Appium][39m Attempting to find matching driver for automationName 'uiautomator2' and platformName 'android'
[35m[Appium][39m The 'uiautomator2' driver was installed and matched caps.
[35m[Appium][39m Will require it at C:\Users\asus\.appium\node_modules\appium-uiautomator2-driver
[38;5;16m[AppiumDriver@d849][0m Appium v2.5.0 creating new AndroidUiautomator2Driver (v3.0.0) session
[38;5;16m[AppiumDriver@d849][0m Checking BaseDriver versions for Appium and AndroidUiautomator2Driver
[38;5;16m[AppiumDriver@d849][0m Appium's BaseDriver version is 9.5.1
[38;5;16m[AppiumDriver@d849][0m AndroidUiautomator2Driver's BaseDriver version is 9.5.1
[38;5;48m[AndroidUiautomator2Driver@6ddc (32dc1ce1)][0m Session created with session id: 32dc1ce1-b525-4b6e-ab24-459f29902954
[38;5;64m[ADB][0m Found 1 'build-tools' folders under 'C:\Users\asus\.katalon\tools\android_sdk' (newest first):
[38;5;64m[ADB][0m     C:\Users\asus\.katalon\tools\android_sdk\build-tools\29.0.3
[38;5;64m[ADB][0m Using 'adb.exe' from 'C:\Users\asus\.katalon\tools\android_sdk\platform-tools\adb.exe'
[38;5;48m[AndroidUiautomator2Driver@6ddc (32dc1ce1)][0m Retrieving device list
[38;5;48m[AndroidUiautomator2Driver@6ddc (32dc1ce1)][0m Using device: emulator-5554
[38;5;64m[ADB][0m Using 'adb.exe' from 'C:\Users\asus\.katalon\tools\android_sdk\platform-tools\adb.exe'
[38;5;32m[BaseDriver][0m Using local app 'C:\Users\asus\Downloads\Documents\Compressed\Advantage+demo+3.2.apk'
[38;5;64m[ADB][0m Getting device platform version
[38;5;48m[AndroidUiautomator2Driver@6ddc (32dc1ce1)][0m Relaxing hidden api policy
[38;5;64m[ADB][0m Package name: 'com.Advantage.aShopping'
[38;5;64m[ADB][0m Main activity name: 'com.Advantage.aShopping.SplashActivity'
[38;5;64m[ADB][0m Using 'apksigner.jar' from 'C:\Users\asus\.katalon\tools\android_sdk\build-tools\29.0.3\lib\apksigner.jar'
[38;5;64m[ADB][0m 'C:\Users\asus\.appium\node_modules\appium-uiautomator2-driver\node_modules\appium-uiautomator2-server\apks\appium-uiautomator2-server-debug-androidTest.apk' is signed with the default certificate
[38;5;64m[ADB][0m 'C:\Users\asus\Downloads\Documents\Compressed\Advantage+demo+3.2.apk' is signed with a non-default certificate
[38;5;64m[ADB][0m 'C:\Users\asus\.appium\node_modules\appium-uiautomator2-driver\node_modules\appium-uiautomator2-server\apks\appium-uiautomator2-server-v7.0.0.apk' is signed with the default certificate
[38;5;64m[ADB][0m com.Advantage.aShopping was successfully uninstalled
[38;5;64m[ADB][0m The application at 'C:\Users\asus\Downloads\Documents\Compressed\Advantage+demo+3.2.apk' will not be cached, because the device under test has confirmed the support of streamed installs
[38;5;48m[AndroidUiautomator2Driver@6ddc (32dc1ce1)][0m Server packages are not going to be (re)installed
[38;5;64m[ADB][0m Adding packages ["io.appium.settings","io.appium.uiautomator2.server","io.appium.uiautomator2.server.test"] to Doze whitelist
[38;5;64m[ADB][0m The installation of 'Advantage+demo+3.2.apk' took 1053ms
[38;5;48m[AndroidUiautomator2Driver@6ddc (32dc1ce1)][0m Starting UIAutomator2 server 7.0.0
[38;5;48m[AndroidUiautomator2Driver@6ddc (32dc1ce1)][0m Using UIAutomator2 server from 'C:\Users\asus\.appium\node_modules\appium-uiautomator2-driver\node_modules\appium-uiautomator2-server\apks\appium-uiautomator2-server-v7.0.0.apk' and test from 'C:\Users\asus\.appium\node_modules\appium-uiautomator2-driver\node_modules\appium-uiautomator2-server\apks\appium-uiautomator2-server-debug-androidTest.apk'
[38;5;48m[AndroidUiautomator2Driver@6ddc (32dc1ce1)][0m Waiting up to 30000ms for UiAutomator2 to be online...
[38;5;48m[AndroidUiautomator2Driver@6ddc (32dc1ce1)][0m socket hang up
[38;5;48m[AndroidUiautomator2Driver@6ddc (32dc1ce1)][0m socket hang up
[38;5;48m[AndroidUiautomator2Driver@6ddc (32dc1ce1)][0m socket hang up
[38;5;48m[AndroidUiautomator2Driver@6ddc (32dc1ce1)][0m Determined the downstream protocol as 'W3C'
[38;5;48m[AndroidUiautomator2Driver@6ddc (32dc1ce1)][0m Screen already unlocked, doing nothing
[38;5;48m[AndroidUiautomator2Driver@6ddc (32dc1ce1)][0m Starting 'com.Advantage.aShopping/com.Advantage.aShopping.SplashActivity and waiting for 'com.Advantage.aShopping/com.Advantage.aShopping.SplashActivity'
[38;5;16m[AppiumDriver@d849][0m New AndroidUiautomator2Driver session created successfully, session 32dc1ce1-b525-4b6e-ab24-459f29902954 added to master session list
[38;5;0m[HTTP][0m [37m<-- POST /wd/hub/session [39m[32m200[39m [90m11158 ms - 1272[39m
[38;5;0m[HTTP][0m [90m[39m
[38;5;0m[HTTP][0m [37m-->[39m [37mGET[39m [37m/wd/hub/session/32dc1ce1-b525-4b6e-ab24-459f29902954[39m
[38;5;0m[HTTP][0m [90m{}[39m
[38;5;0m[HTTP][0m [37m<-- GET /wd/hub/session/32dc1ce1-b525-4b6e-ab24-459f29902954 [39m[32m200[39m [90m23 ms - 387[39m
[38;5;0m[HTTP][0m [90m[39m
[38;5;0m[HTTP][0m [37m-->[39m [37mGET[39m [37m/wd/hub/session/32dc1ce1-b525-4b6e-ab24-459f29902954[39m
[38;5;0m[HTTP][0m [90m{}[39m
[38;5;0m[HTTP][0m [37m<-- GET /wd/hub/session/32dc1ce1-b525-4b6e-ab24-459f29902954 [39m[32m200[39m [90m34 ms - 387[39m
[38;5;0m[HTTP][0m [90m[39m
[38;5;0m[HTTP][0m [37m-->[39m [37mGET[39m [37m/wd/hub/status[39m
[38;5;0m[HTTP][0m [90m{}[39m
[38;5;0m[HTTP][0m [37m<-- GET /wd/hub/status [39m[32m200[39m [90m1 ms - 110[39m
[38;5;0m[HTTP][0m [90m[39m
[38;5;0m[HTTP][0m [37m-->[39m [37mPOST[39m [37m/wd/hub/session/32dc1ce1-b525-4b6e-ab24-459f29902954/timeouts[39m
[38;5;0m[HTTP][0m [90m{"implicit":30000}[39m
[38;5;0m[HTTP][0m [37m<-- POST /wd/hub/session/32dc1ce1-b525-4b6e-ab24-459f29902954/timeouts [39m[32m200[39m [90m5 ms - 14[39m
[38;5;0m[HTTP][0m [90m[39m
[38;5;0m[HTTP][0m [37m-->[39m [37mGET[39m [37m/wd/hub/session/32dc1ce1-b525-4b6e-ab24-459f29902954/appium/device/system_bars[39m
[38;5;0m[HTTP][0m [90m{}[39m
[38;5;0m[HTTP][0m [37m<-- GET /wd/hub/session/32dc1ce1-b525-4b6e-ab24-459f29902954/appium/device/system_bars [39m[32m200[39m [90m189 ms - 152[39m
[38;5;0m[HTTP][0m [90m[39m
[38;5;0m[HTTP][0m [37m-->[39m [37mPOST[39m [37m/wd/hub/session/32dc1ce1-b525-4b6e-ab24-459f29902954/timeouts[39m
[38;5;0m[HTTP][0m [90m{"implicit":50}[39m
[38;5;0m[HTTP][0m [37m<-- POST /wd/hub/session/32dc1ce1-b525-4b6e-ab24-459f29902954/timeouts [39m[32m200[39m [90m3 ms - 14[39m
[38;5;0m[HTTP][0m [90m[39m
[38;5;0m[HTTP][0m [37m-->[39m [37mGET[39m [37m/wd/hub/session/32dc1ce1-b525-4b6e-ab24-459f29902954/window/rect[39m
[38;5;0m[HTTP][0m [90m{}[39m
[38;5;0m[HTTP][0m [37m<-- GET /wd/hub/session/32dc1ce1-b525-4b6e-ab24-459f29902954/window/rect [39m[32m200[39m [90m68 ms - 50[39m
[38;5;0m[HTTP][0m [90m[39m
[38;5;0m[HTTP][0m [37m-->[39m [37mPOST[39m [37m/wd/hub/session/32dc1ce1-b525-4b6e-ab24-459f29902954/elements[39m
[38;5;0m[HTTP][0m [90m{"using":"xpath","value":"//*[@class = 'android.widget.EditText' and (@text = 'Search' or . = 'Search') and @resource-id = 'com.Advantage.aShopping:id/editTextSearch']"}[39m
[38;5;0m[HTTP][0m [37m<-- POST /wd/hub/session/32dc1ce1-b525-4b6e-ab24-459f29902954/elements [39m[32m200[39m [90m2748 ms - 139[39m
[38;5;0m[HTTP][0m [90m[39m
[38;5;0m[HTTP][0m [37m-->[39m [37mGET[39m [37m/wd/hub/session/32dc1ce1-b525-4b6e-ab24-459f29902954/element/00000000-0000-00d0-ffff-ffff0000001f/location[39m
[38;5;0m[HTTP][0m [90m{}[39m
[38;5;48m[AndroidUiautomator2Driver@6ddc (32dc1ce1)][0m Driver proxy active, passing request on via HTTP proxy
[38;5;48m[AndroidUiautomator2Driver@6ddc (32dc1ce1)][0m Replacing sessionId 25868527-e007-4a37-93b3-3c83351df9bc with 32dc1ce1-b525-4b6e-ab24-459f29902954
[38;5;0m[HTTP][0m [37m<-- GET /wd/hub/session/32dc1ce1-b525-4b6e-ab24-459f29902954/element/00000000-0000-00d0-ffff-ffff0000001f/location [39m[32m200[39m [90m37 ms - 76[39m
[38;5;0m[HTTP][0m [90m[39m
[38;5;0m[HTTP][0m [37m-->[39m [37mPOST[39m [37m/wd/hub/session/32dc1ce1-b525-4b6e-ab24-459f29902954/timeouts[39m
[38;5;0m[HTTP][0m [90m{"implicit":30000}[39m
[38;5;0m[HTTP][0m [37m<-- POST /wd/hub/session/32dc1ce1-b525-4b6e-ab24-459f29902954/timeouts [39m[32m200[39m [90m2 ms - 14[39m
[38;5;0m[HTTP][0m [90m[39m
[38;5;0m[HTTP][0m [37m-->[39m [37mPOST[39m [37m/wd/hub/session/32dc1ce1-b525-4b6e-ab24-459f29902954/element/00000000-0000-00d0-ffff-ffff0000001f/clear[39m
[38;5;0m[HTTP][0m [90m{"id":"00000000-0000-00d0-ffff-ffff0000001f"}[39m
[38;5;0m[HTTP][0m [37m<-- POST /wd/hub/session/32dc1ce1-b525-4b6e-ab24-459f29902954/element/00000000-0000-00d0-ffff-ffff0000001f/clear [39m[32m200[39m [90m30 ms - 14[39m
[38;5;0m[HTTP][0m [90m[39m
[38;5;0m[HTTP][0m [37m-->[39m [37mPOST[39m [37m/wd/hub/session/32dc1ce1-b525-4b6e-ab24-459f29902954/element/00000000-0000-00d0-ffff-ffff0000001f/click[39m
[38;5;0m[HTTP][0m [90m{"id":"00000000-0000-00d0-ffff-ffff0000001f"}[39m
[38;5;0m[HTTP][0m [37m<-- POST /wd/hub/session/32dc1ce1-b525-4b6e-ab24-459f29902954/element/00000000-0000-00d0-ffff-ffff0000001f/click [39m[32m200[39m [90m569 ms - 14[39m
[38;5;0m[HTTP][0m [90m[39m
[38;5;0m[HTTP][0m [37m-->[39m [37mPOST[39m [37m/wd/hub/session/32dc1ce1-b525-4b6e-ab24-459f29902954/element/00000000-0000-00d0-ffff-ffff0000001f/value[39m
[38;5;0m[HTTP][0m [90m{"id":"00000000-0000-00d0-ffff-ffff0000001f","text":"asus rog","value":["a","s","u","s"," ","r","o","g"]}[39m
[38;5;0m[HTTP][0m [37m<-- POST /wd/hub/session/32dc1ce1-b525-4b6e-ab24-459f29902954/element/00000000-0000-00d0-ffff-ffff0000001f/value [39m[32m200[39m [90m1880 ms - 14[39m
[38;5;0m[HTTP][0m [90m[39m
[38;5;0m[HTTP][0m [37m-->[39m [37mPOST[39m [37m/wd/hub/session/32dc1ce1-b525-4b6e-ab24-459f29902954/timeouts[39m
[38;5;0m[HTTP][0m [90m{"implicit":50}[39m
[38;5;0m[HTTP][0m [37m<-- POST /wd/hub/session/32dc1ce1-b525-4b6e-ab24-459f29902954/timeouts [39m[32m200[39m [90m4 ms - 14[39m
[38;5;0m[HTTP][0m [90m[39m
[38;5;0m[HTTP][0m [37m-->[39m [37mGET[39m [37m/wd/hub/session/32dc1ce1-b525-4b6e-ab24-459f29902954/window/rect[39m
[38;5;0m[HTTP][0m [90m{}[39m
[38;5;0m[HTTP][0m [37m<-- GET /wd/hub/session/32dc1ce1-b525-4b6e-ab24-459f29902954/window/rect [39m[32m200[39m [90m39 ms - 50[39m
[38;5;0m[HTTP][0m [90m[39m
[38;5;0m[HTTP][0m [37m-->[39m [37mPOST[39m [37m/wd/hub/session/32dc1ce1-b525-4b6e-ab24-459f29902954/elements[39m
[38;5;0m[HTTP][0m [90m{"using":"xpath","value":"//*[@class = 'android.widget.ImageView' and @resource-id = 'com.Advantage.aShopping:id/imageViewSearch' and (@text = '' or . = '')]"}[39m
[38;5;0m[HTTP][0m [37m<-- POST /wd/hub/session/32dc1ce1-b525-4b6e-ab24-459f29902954/elements [39m[32m200[39m [90m768 ms - 139[39m
[38;5;0m[HTTP][0m [90m[39m
[38;5;0m[HTTP][0m [37m-->[39m [37mGET[39m [37m/wd/hub/session/32dc1ce1-b525-4b6e-ab24-459f29902954/element/00000000-0000-00d0-ffff-ffff00000020/location[39m
[38;5;0m[HTTP][0m [90m{}[39m
[38;5;48m[AndroidUiautomator2Driver@6ddc (32dc1ce1)][0m Driver proxy active, passing request on via HTTP proxy
[38;5;48m[AndroidUiautomator2Driver@6ddc (32dc1ce1)][0m Replacing sessionId 25868527-e007-4a37-93b3-3c83351df9bc with 32dc1ce1-b525-4b6e-ab24-459f29902954
[38;5;0m[HTTP][0m [37m<-- GET /wd/hub/session/32dc1ce1-b525-4b6e-ab24-459f29902954/element/00000000-0000-00d0-ffff-ffff00000020/location [39m[32m200[39m [90m23 ms - 78[39m
[38;5;0m[HTTP][0m [90m[39m
[38;5;0m[HTTP][0m [37m-->[39m [37mPOST[39m [37m/wd/hub/session/32dc1ce1-b525-4b6e-ab24-459f29902954/timeouts[39m
[38;5;0m[HTTP][0m [90m{"implicit":30000}[39m
[38;5;0m[HTTP][0m [37m<-- POST /wd/hub/session/32dc1ce1-b525-4b6e-ab24-459f29902954/timeouts [39m[32m200[39m [90m2 ms - 14[39m
[38;5;0m[HTTP][0m [90m[39m
[38;5;0m[HTTP][0m [37m-->[39m [37mPOST[39m [37m/wd/hub/session/32dc1ce1-b525-4b6e-ab24-459f29902954/element/00000000-0000-00d0-ffff-ffff00000020/click[39m
[38;5;0m[HTTP][0m [90m{"id":"00000000-0000-00d0-ffff-ffff00000020"}[39m
[38;5;0m[HTTP][0m [37m<-- POST /wd/hub/session/32dc1ce1-b525-4b6e-ab24-459f29902954/element/00000000-0000-00d0-ffff-ffff00000020/click [39m[32m200[39m [90m89 ms - 14[39m
[38;5;0m[HTTP][0m [90m[39m
[38;5;0m[HTTP][0m [37m-->[39m [37mPOST[39m [37m/wd/hub/session/32dc1ce1-b525-4b6e-ab24-459f29902954/timeouts[39m
[38;5;0m[HTTP][0m [90m{"implicit":50}[39m
[38;5;0m[HTTP][0m [37m<-- POST /wd/hub/session/32dc1ce1-b525-4b6e-ab24-459f29902954/timeouts [39m[32m200[39m [90m3 ms - 14[39m
[38;5;0m[HTTP][0m [90m[39m
[38;5;0m[HTTP][0m [37m-->[39m [37mGET[39m [37m/wd/hub/session/32dc1ce1-b525-4b6e-ab24-459f29902954/window/rect[39m
[38;5;0m[HTTP][0m [90m{}[39m
[38;5;0m[HTTP][0m [37m<-- GET /wd/hub/session/32dc1ce1-b525-4b6e-ab24-459f29902954/window/rect [39m[32m200[39m [90m31 ms - 50[39m
[38;5;0m[HTTP][0m [90m[39m
[38;5;0m[HTTP][0m [37m-->[39m [37mPOST[39m [37m/wd/hub/session/32dc1ce1-b525-4b6e-ab24-459f29902954/elements[39m
[38;5;0m[HTTP][0m [90m{"using":"xpath","value":"//*[@class = 'android.widget.TextView' and (@text = '- No results for \"asus rog\" -' or . = '- No results for \"asus rog\" -') and @resource-id = 'com.Advantage.aShopping:id/textViewNoProductsToShow']"}[39m
[38;5;0m[HTTP][0m [37m<-- POST /wd/hub/session/32dc1ce1-b525-4b6e-ab24-459f29902954/elements [39m[32m200[39m [90m887 ms - 12[39m
[38;5;0m[HTTP][0m [90m[39m
[38;5;0m[HTTP][0m [37m-->[39m [37mPOST[39m [37m/wd/hub/session/32dc1ce1-b525-4b6e-ab24-459f29902954/elements[39m
[38;5;0m[HTTP][0m [90m{"using":"xpath","value":"//*[@class = 'android.widget.TextView' and (@text = '- No results for \"asus rog\" -' or . = '- No results for \"asus rog\" -') and @resource-id = 'com.Advantage.aShopping:id/textViewNoProductsToShow']"}[39m
[38;5;0m[HTTP][0m [37m<-- POST /wd/hub/session/32dc1ce1-b525-4b6e-ab24-459f29902954/elements [39m[32m200[39m [90m207 ms - 12[39m
[38;5;0m[HTTP][0m [90m[39m
[38;5;0m[HTTP][0m [37m-->[39m [37mPOST[39m [37m/wd/hub/session/32dc1ce1-b525-4b6e-ab24-459f29902954/elements[39m
[38;5;0m[HTTP][0m [90m{"using":"xpath","value":"//*[@class = 'android.widget.TextView' and (@text = '- No results for \"asus rog\" -' or . = '- No results for \"asus rog\" -') and @resource-id = 'com.Advantage.aShopping:id/textViewNoProductsToShow']"}[39m
[38;5;0m[HTTP][0m [37m<-- POST /wd/hub/session/32dc1ce1-b525-4b6e-ab24-459f29902954/elements [39m[32m200[39m [90m199 ms - 12[39m
[38;5;0m[HTTP][0m [90m[39m
[38;5;0m[HTTP][0m [37m-->[39m [37mPOST[39m [37m/wd/hub/session/32dc1ce1-b525-4b6e-ab24-459f29902954/elements[39m
[38;5;0m[HTTP][0m [90m{"using":"xpath","value":"//*[@class = 'android.widget.TextView' and (@text = '- No results for \"asus rog\" -' or . = '- No results for \"asus rog\" -') and @resource-id = 'com.Advantage.aShopping:id/textViewNoProductsToShow']"}[39m
[38;5;0m[HTTP][0m [37m<-- POST /wd/hub/session/32dc1ce1-b525-4b6e-ab24-459f29902954/elements [39m[32m200[39m [90m239 ms - 12[39m
[38;5;0m[HTTP][0m [90m[39m
[38;5;0m[HTTP][0m [37m-->[39m [37mPOST[39m [37m/wd/hub/session/32dc1ce1-b525-4b6e-ab24-459f29902954/elements[39m
[38;5;0m[HTTP][0m [90m{"using":"xpath","value":"//*[@class = 'android.widget.TextView' and (@text = '- No results for \"asus rog\" -' or . = '- No results for \"asus rog\" -') and @resource-id = 'com.Advantage.aShopping:id/textViewNoProductsToShow']"}[39m
[38;5;0m[HTTP][0m [37m<-- POST /wd/hub/session/32dc1ce1-b525-4b6e-ab24-459f29902954/elements [39m[32m200[39m [90m468 ms - 12[39m
[38;5;0m[HTTP][0m [90m[39m
[38;5;0m[HTTP][0m [37m-->[39m [37mPOST[39m [37m/wd/hub/session/32dc1ce1-b525-4b6e-ab24-459f29902954/elements[39m
[38;5;0m[HTTP][0m [90m{"using":"xpath","value":"//*[@class = 'android.widget.TextView' and (@text = '- No results for \"asus rog\" -' or . = '- No results for \"asus rog\" -') and @resource-id = 'com.Advantage.aShopping:id/textViewNoProductsToShow']"}[39m
[38;5;0m[HTTP][0m [37m<-- POST /wd/hub/session/32dc1ce1-b525-4b6e-ab24-459f29902954/elements [39m[32m200[39m [90m202 ms - 12[39m
[38;5;0m[HTTP][0m [90m[39m
[38;5;0m[HTTP][0m [37m-->[39m [37mPOST[39m [37m/wd/hub/session/32dc1ce1-b525-4b6e-ab24-459f29902954/elements[39m
[38;5;0m[HTTP][0m [90m{"using":"xpath","value":"//*[@class = 'android.widget.TextView' and (@text = '- No results for \"asus rog\" -' or . = '- No results for \"asus rog\" -') and @resource-id = 'com.Advantage.aShopping:id/textViewNoProductsToShow']"}[39m
[38;5;0m[HTTP][0m [37m<-- POST /wd/hub/session/32dc1ce1-b525-4b6e-ab24-459f29902954/elements [39m[32m200[39m [90m958 ms - 139[39m
[38;5;0m[HTTP][0m [90m[39m
[38;5;0m[HTTP][0m [37m-->[39m [37mGET[39m [37m/wd/hub/session/32dc1ce1-b525-4b6e-ab24-459f29902954/element/00000000-0000-00d0-ffff-ffff00000063/location[39m
[38;5;0m[HTTP][0m [90m{}[39m
[38;5;48m[AndroidUiautomator2Driver@6ddc (32dc1ce1)][0m Driver proxy active, passing request on via HTTP proxy
[38;5;48m[AndroidUiautomator2Driver@6ddc (32dc1ce1)][0m Replacing sessionId 25868527-e007-4a37-93b3-3c83351df9bc with 32dc1ce1-b525-4b6e-ab24-459f29902954
[38;5;0m[HTTP][0m [37m<-- GET /wd/hub/session/32dc1ce1-b525-4b6e-ab24-459f29902954/element/00000000-0000-00d0-ffff-ffff00000063/location [39m[32m200[39m [90m39 ms - 76[39m
[38;5;0m[HTTP][0m [90m[39m
[38;5;0m[HTTP][0m [37m-->[39m [37mPOST[39m [37m/wd/hub/session/32dc1ce1-b525-4b6e-ab24-459f29902954/timeouts[39m
[38;5;0m[HTTP][0m [90m{"implicit":30000}[39m
[38;5;0m[HTTP][0m [37m<-- POST /wd/hub/session/32dc1ce1-b525-4b6e-ab24-459f29902954/timeouts [39m[32m200[39m [90m2 ms - 14[39m
[38;5;0m[HTTP][0m [90m[39m
[38;5;0m[HTTP][0m [37m-->[39m [37mPOST[39m [37m/wd/hub/session/32dc1ce1-b525-4b6e-ab24-459f29902954/timeouts[39m
[38;5;0m[HTTP][0m [90m{"implicit":50}[39m
[38;5;0m[HTTP][0m [37m<-- POST /wd/hub/session/32dc1ce1-b525-4b6e-ab24-459f29902954/timeouts [39m[32m200[39m [90m3 ms - 14[39m
[38;5;0m[HTTP][0m [90m[39m
[38;5;0m[HTTP][0m [37m-->[39m [37mGET[39m [37m/wd/hub/session/32dc1ce1-b525-4b6e-ab24-459f29902954/window/rect[39m
[38;5;0m[HTTP][0m [90m{}[39m
[38;5;0m[HTTP][0m [37m<-- GET /wd/hub/session/32dc1ce1-b525-4b6e-ab24-459f29902954/window/rect [39m[32m200[39m [90m34 ms - 50[39m
[38;5;0m[HTTP][0m [90m[39m
[38;5;0m[HTTP][0m [37m-->[39m [37mPOST[39m [37m/wd/hub/session/32dc1ce1-b525-4b6e-ab24-459f29902954/elements[39m
[38;5;0m[HTTP][0m [90m{"using":"xpath","value":"//*[@class = 'android.widget.ImageView' and @resource-id = 'com.Advantage.aShopping:id/imageViewMenu' and (@text = '' or . = '')]"}[39m
[38;5;0m[HTTP][0m [37m<-- POST /wd/hub/session/32dc1ce1-b525-4b6e-ab24-459f29902954/elements [39m[32m200[39m [90m212 ms - 139[39m
[38;5;0m[HTTP][0m [90m[39m
[38;5;0m[HTTP][0m [37m-->[39m [37mGET[39m [37m/wd/hub/session/32dc1ce1-b525-4b6e-ab24-459f29902954/element/00000000-0000-00d0-ffff-ffff00000018/location[39m
[38;5;0m[HTTP][0m [90m{}[39m
[38;5;48m[AndroidUiautomator2Driver@6ddc (32dc1ce1)][0m Driver proxy active, passing request on via HTTP proxy
[38;5;48m[AndroidUiautomator2Driver@6ddc (32dc1ce1)][0m Replacing sessionId 25868527-e007-4a37-93b3-3c83351df9bc with 32dc1ce1-b525-4b6e-ab24-459f29902954
[38;5;0m[HTTP][0m [37m<-- GET /wd/hub/session/32dc1ce1-b525-4b6e-ab24-459f29902954/element/00000000-0000-00d0-ffff-ffff00000018/location [39m[32m200[39m [90m36 ms - 76[39m
[38;5;0m[HTTP][0m [90m[39m
[38;5;0m[HTTP][0m [37m-->[39m [37mPOST[39m [37m/wd/hub/session/32dc1ce1-b525-4b6e-ab24-459f29902954/timeouts[39m
[38;5;0m[HTTP][0m [90m{"implicit":30000}[39m
[38;5;0m[HTTP][0m [37m<-- POST /wd/hub/session/32dc1ce1-b525-4b6e-ab24-459f29902954/timeouts [39m[32m200[39m [90m2 ms - 14[39m
[38;5;0m[HTTP][0m [90m[39m
[38;5;0m[HTTP][0m [37m-->[39m [37mPOST[39m [37m/wd/hub/session/32dc1ce1-b525-4b6e-ab24-459f29902954/element/00000000-0000-00d0-ffff-ffff00000018/click[39m
[38;5;0m[HTTP][0m [90m{"id":"00000000-0000-00d0-ffff-ffff00000018"}[39m
[38;5;0m[HTTP][0m [37m<-- POST /wd/hub/session/32dc1ce1-b525-4b6e-ab24-459f29902954/element/00000000-0000-00d0-ffff-ffff00000018/click [39m[32m200[39m [90m106 ms - 14[39m
[38;5;0m[HTTP][0m [90m[39m
[38;5;0m[HTTP][0m [37m-->[39m [37mPOST[39m [37m/wd/hub/session/32dc1ce1-b525-4b6e-ab24-459f29902954/timeouts[39m
[38;5;0m[HTTP][0m [90m{"implicit":50}[39m
[38;5;0m[HTTP][0m [37m<-- POST /wd/hub/session/32dc1ce1-b525-4b6e-ab24-459f29902954/timeouts [39m[32m200[39m [90m2 ms - 14[39m
[38;5;0m[HTTP][0m [90m[39m
[38;5;0m[HTTP][0m [37m-->[39m [37mGET[39m [37m/wd/hub/session/32dc1ce1-b525-4b6e-ab24-459f29902954/window/rect[39m
[38;5;0m[HTTP][0m [90m{}[39m
[38;5;0m[HTTP][0m [37m<-- GET /wd/hub/session/32dc1ce1-b525-4b6e-ab24-459f29902954/window/rect [39m[32m200[39m [90m39 ms - 50[39m
[38;5;0m[HTTP][0m [90m[39m
[38;5;0m[HTTP][0m [37m-->[39m [37mPOST[39m [37m/wd/hub/session/32dc1ce1-b525-4b6e-ab24-459f29902954/elements[39m
[38;5;0m[HTTP][0m [90m{"using":"xpath","value":"//*[@class = 'android.widget.TextView' and (@text = 'HOME' or . = 'HOME') and @resource-id = 'com.Advantage.aShopping:id/textViewMenuHome']"}[39m
[38;5;0m[HTTP][0m [37m<-- POST /wd/hub/session/32dc1ce1-b525-4b6e-ab24-459f29902954/elements [39m[32m200[39m [90m1022 ms - 139[39m
[38;5;0m[HTTP][0m [90m[39m
[38;5;0m[HTTP][0m [37m-->[39m [37mGET[39m [37m/wd/hub/session/32dc1ce1-b525-4b6e-ab24-459f29902954/element/00000000-0000-00d0-ffff-ffff00000047/location[39m
[38;5;0m[HTTP][0m [90m{}[39m
[38;5;48m[AndroidUiautomator2Driver@6ddc (32dc1ce1)][0m Driver proxy active, passing request on via HTTP proxy
[38;5;48m[AndroidUiautomator2Driver@6ddc (32dc1ce1)][0m Replacing sessionId 25868527-e007-4a37-93b3-3c83351df9bc with 32dc1ce1-b525-4b6e-ab24-459f29902954
[38;5;0m[HTTP][0m [37m<-- GET /wd/hub/session/32dc1ce1-b525-4b6e-ab24-459f29902954/element/00000000-0000-00d0-ffff-ffff00000047/location [39m[32m200[39m [90m24 ms - 78[39m
[38;5;0m[HTTP][0m [90m[39m
[38;5;0m[HTTP][0m [37m-->[39m [37mPOST[39m [37m/wd/hub/session/32dc1ce1-b525-4b6e-ab24-459f29902954/timeouts[39m
[38;5;0m[HTTP][0m [90m{"implicit":30000}[39m
[38;5;0m[HTTP][0m [37m<-- POST /wd/hub/session/32dc1ce1-b525-4b6e-ab24-459f29902954/timeouts [39m[32m200[39m [90m1 ms - 14[39m
[38;5;0m[HTTP][0m [90m[39m
[38;5;0m[HTTP][0m [37m-->[39m [37mPOST[39m [37m/wd/hub/session/32dc1ce1-b525-4b6e-ab24-459f29902954/element/00000000-0000-00d0-ffff-ffff00000047/click[39m
[38;5;0m[HTTP][0m [90m{"id":"00000000-0000-00d0-ffff-ffff00000047"}[39m
[38;5;0m[HTTP][0m [37m<-- POST /wd/hub/session/32dc1ce1-b525-4b6e-ab24-459f29902954/element/00000000-0000-00d0-ffff-ffff00000047/click [39m[32m200[39m [90m92 ms - 14[39m
[38;5;0m[HTTP][0m [90m[39m
[38;5;0m[HTTP][0m [37m-->[39m [37mPOST[39m [37m/wd/hub/session/32dc1ce1-b525-4b6e-ab24-459f29902954/timeouts[39m
[38;5;0m[HTTP][0m [90m{"implicit":50}[39m
[38;5;0m[HTTP][0m [37m<-- POST /wd/hub/session/32dc1ce1-b525-4b6e-ab24-459f29902954/timeouts [39m[32m200[39m [90m1 ms - 14[39m
[38;5;0m[HTTP][0m [90m[39m
[38;5;0m[HTTP][0m [37m-->[39m [37mGET[39m [37m/wd/hub/session/32dc1ce1-b525-4b6e-ab24-459f29902954/window/rect[39m
[38;5;0m[HTTP][0m [90m{}[39m
[38;5;0m[HTTP][0m [37m<-- GET /wd/hub/session/32dc1ce1-b525-4b6e-ab24-459f29902954/window/rect [39m[32m200[39m [90m30 ms - 50[39m
[38;5;0m[HTTP][0m [90m[39m
[38;5;0m[HTTP][0m [37m-->[39m [37mPOST[39m [37m/wd/hub/session/32dc1ce1-b525-4b6e-ab24-459f29902954/elements[39m
[38;5;0m[HTTP][0m [90m{"using":"xpath","value":"//*[@class = 'android.widget.EditText' and (@text = 'Search' or . = 'Search') and @resource-id = 'com.Advantage.aShopping:id/editTextSearch']"}[39m
[38;5;0m[HTTP][0m [37m<-- POST /wd/hub/session/32dc1ce1-b525-4b6e-ab24-459f29902954/elements [39m[32m200[39m [90m1298 ms - 139[39m
[38;5;0m[HTTP][0m [90m[39m
[38;5;0m[HTTP][0m [37m-->[39m [37mGET[39m [37m/wd/hub/session/32dc1ce1-b525-4b6e-ab24-459f29902954/element/00000000-0000-00d0-ffff-ffff00000067/location[39m
[38;5;0m[HTTP][0m [90m{}[39m
[38;5;48m[AndroidUiautomator2Driver@6ddc (32dc1ce1)][0m Driver proxy active, passing request on via HTTP proxy
[38;5;48m[AndroidUiautomator2Driver@6ddc (32dc1ce1)][0m Replacing sessionId 25868527-e007-4a37-93b3-3c83351df9bc with 32dc1ce1-b525-4b6e-ab24-459f29902954
[38;5;0m[HTTP][0m [37m<-- GET /wd/hub/session/32dc1ce1-b525-4b6e-ab24-459f29902954/element/00000000-0000-00d0-ffff-ffff00000067/location [39m[32m200[39m [90m20 ms - 76[39m
[38;5;0m[HTTP][0m [90m[39m
[38;5;0m[HTTP][0m [37m-->[39m [37mPOST[39m [37m/wd/hub/session/32dc1ce1-b525-4b6e-ab24-459f29902954/timeouts[39m
[38;5;0m[HTTP][0m [90m{"implicit":30000}[39m
[38;5;0m[HTTP][0m [37m<-- POST /wd/hub/session/32dc1ce1-b525-4b6e-ab24-459f29902954/timeouts [39m[32m200[39m [90m1 ms - 14[39m
[38;5;0m[HTTP][0m [90m[39m
[38;5;0m[HTTP][0m [37m-->[39m [37mPOST[39m [37m/wd/hub/session/32dc1ce1-b525-4b6e-ab24-459f29902954/element/00000000-0000-00d0-ffff-ffff00000067/clear[39m
[38;5;0m[HTTP][0m [90m{"id":"00000000-0000-00d0-ffff-ffff00000067"}[39m
[38;5;0m[HTTP][0m [37m<-- POST /wd/hub/session/32dc1ce1-b525-4b6e-ab24-459f29902954/element/00000000-0000-00d0-ffff-ffff00000067/clear [39m[32m200[39m [90m30 ms - 14[39m
[38;5;0m[HTTP][0m [90m[39m
[38;5;0m[HTTP][0m [37m-->[39m [37mPOST[39m [37m/wd/hub/session/32dc1ce1-b525-4b6e-ab24-459f29902954/element/00000000-0000-00d0-ffff-ffff00000067/click[39m
[38;5;0m[HTTP][0m [90m{"id":"00000000-0000-00d0-ffff-ffff00000067"}[39m
[38;5;0m[HTTP][0m [37m<-- POST /wd/hub/session/32dc1ce1-b525-4b6e-ab24-459f29902954/element/00000000-0000-00d0-ffff-ffff00000067/click [39m[32m200[39m [90m604 ms - 14[39m
[38;5;0m[HTTP][0m [90m[39m
[38;5;0m[HTTP][0m [37m-->[39m [37mPOST[39m [37m/wd/hub/session/32dc1ce1-b525-4b6e-ab24-459f29902954/element/00000000-0000-00d0-ffff-ffff00000067/value[39m
[38;5;0m[HTTP][0m [90m{"id":"00000000-0000-00d0-ffff-ffff00000067","text":"microsoft","value":["m","i","c","r","o","s","o","f","t"]}[39m
[38;5;0m[HTTP][0m [37m<-- POST /wd/hub/session/32dc1ce1-b525-4b6e-ab24-459f29902954/element/00000000-0000-00d0-ffff-ffff00000067/value [39m[32m200[39m [90m1703 ms - 14[39m
[38;5;0m[HTTP][0m [90m[39m
[38;5;0m[HTTP][0m [37m-->[39m [37mPOST[39m [37m/wd/hub/session/32dc1ce1-b525-4b6e-ab24-459f29902954/timeouts[39m
[38;5;0m[HTTP][0m [90m{"implicit":50}[39m
[38;5;0m[HTTP][0m [37m<-- POST /wd/hub/session/32dc1ce1-b525-4b6e-ab24-459f29902954/timeouts [39m[32m200[39m [90m2 ms - 14[39m
[38;5;0m[HTTP][0m [90m[39m
[38;5;0m[HTTP][0m [37m-->[39m [37mGET[39m [37m/wd/hub/session/32dc1ce1-b525-4b6e-ab24-459f29902954/window/rect[39m
[38;5;0m[HTTP][0m [90m{}[39m
[38;5;0m[HTTP][0m [37m<-- GET /wd/hub/session/32dc1ce1-b525-4b6e-ab24-459f29902954/window/rect [39m[32m200[39m [90m39 ms - 50[39m
[38;5;0m[HTTP][0m [90m[39m
[38;5;0m[HTTP][0m [37m-->[39m [37mPOST[39m [37m/wd/hub/session/32dc1ce1-b525-4b6e-ab24-459f29902954/elements[39m
[38;5;0m[HTTP][0m [90m{"using":"xpath","value":"//*[@class = 'android.widget.ImageView' and @resource-id = 'com.Advantage.aShopping:id/imageViewSearch' and (@text = '' or . = '')]"}[39m
[38;5;0m[HTTP][0m [37m<-- POST /wd/hub/session/32dc1ce1-b525-4b6e-ab24-459f29902954/elements [39m[32m200[39m [90m865 ms - 139[39m
[38;5;0m[HTTP][0m [90m[39m
[38;5;0m[HTTP][0m [37m-->[39m [37mGET[39m [37m/wd/hub/session/32dc1ce1-b525-4b6e-ab24-459f29902954/element/00000000-0000-00d0-ffff-ffff00000068/location[39m
[38;5;0m[HTTP][0m [90m{}[39m
[38;5;48m[AndroidUiautomator2Driver@6ddc (32dc1ce1)][0m Driver proxy active, passing request on via HTTP proxy
[38;5;48m[AndroidUiautomator2Driver@6ddc (32dc1ce1)][0m Replacing sessionId 25868527-e007-4a37-93b3-3c83351df9bc with 32dc1ce1-b525-4b6e-ab24-459f29902954
[38;5;0m[HTTP][0m [37m<-- GET /wd/hub/session/32dc1ce1-b525-4b6e-ab24-459f29902954/element/00000000-0000-00d0-ffff-ffff00000068/location [39m[32m200[39m [90m23 ms - 78[39m
[38;5;0m[HTTP][0m [90m[39m
[38;5;0m[HTTP][0m [37m-->[39m [37mPOST[39m [37m/wd/hub/session/32dc1ce1-b525-4b6e-ab24-459f29902954/timeouts[39m
[38;5;0m[HTTP][0m [90m{"implicit":30000}[39m
[38;5;0m[HTTP][0m [37m<-- POST /wd/hub/session/32dc1ce1-b525-4b6e-ab24-459f29902954/timeouts [39m[32m200[39m [90m1 ms - 14[39m
[38;5;0m[HTTP][0m [90m[39m
[38;5;0m[HTTP][0m [37m-->[39m [37mPOST[39m [37m/wd/hub/session/32dc1ce1-b525-4b6e-ab24-459f29902954/element/00000000-0000-00d0-ffff-ffff00000068/click[39m
[38;5;0m[HTTP][0m [90m{"id":"00000000-0000-00d0-ffff-ffff00000068"}[39m
[38;5;0m[HTTP][0m [37m<-- POST /wd/hub/session/32dc1ce1-b525-4b6e-ab24-459f29902954/element/00000000-0000-00d0-ffff-ffff00000068/click [39m[32m200[39m [90m145 ms - 14[39m
[38;5;0m[HTTP][0m [90m[39m
[38;5;0m[HTTP][0m [37m-->[39m [37mGET[39m [37m/wd/hub/session/32dc1ce1-b525-4b6e-ab24-459f29902954/context[39m
[38;5;0m[HTTP][0m [90m{}[39m
[38;5;0m[HTTP][0m [37m<-- GET /wd/hub/session/32dc1ce1-b525-4b6e-ab24-459f29902954/context [39m[32m200[39m [90m1 ms - 22[39m
[38;5;0m[HTTP][0m [90m[39m
[38;5;0m[HTTP][0m [37m-->[39m [37mGET[39m [37m/wd/hub/session/32dc1ce1-b525-4b6e-ab24-459f29902954/contexts[39m
[38;5;0m[HTTP][0m [90m{}[39m
[38;5;0m[HTTP][0m [37m<-- GET /wd/hub/session/32dc1ce1-b525-4b6e-ab24-459f29902954/contexts [39m[32m200[39m [90m278 ms - 24[39m
[38;5;0m[HTTP][0m [90m[39m
[38;5;0m[HTTP][0m [37m-->[39m [37mPOST[39m [37m/wd/hub/session/32dc1ce1-b525-4b6e-ab24-459f29902954/context[39m
[38;5;0m[HTTP][0m [90m{"name":"NATIVE_APP"}[39m
[38;5;0m[HTTP][0m [37m<-- POST /wd/hub/session/32dc1ce1-b525-4b6e-ab24-459f29902954/context [39m[32m200[39m [90m2 ms - 14[39m
[38;5;0m[HTTP][0m [90m[39m
[38;5;0m[HTTP][0m [37m-->[39m [37mGET[39m [37m/wd/hub/session/32dc1ce1-b525-4b6e-ab24-459f29902954/appium/device/current_package[39m
[38;5;0m[HTTP][0m [90m{}[39m
[38;5;0m[HTTP][0m [37m<-- GET /wd/hub/session/32dc1ce1-b525-4b6e-ab24-459f29902954/appium/device/current_package [39m[32m200[39m [90m54 ms - 35[39m
[38;5;0m[HTTP][0m [90m[39m
[38;5;0m[HTTP][0m [37m-->[39m [37mPOST[39m [37m/wd/hub/session/32dc1ce1-b525-4b6e-ab24-459f29902954/appium/device/terminate_app[39m
[38;5;0m[HTTP][0m [90m{"bundleId":"com.Advantage.aShopping"}[39m
[38;5;48m[AndroidUiautomator2Driver@6ddc (32dc1ce1)][0m Terminating 'com.Advantage.aShopping'
[38;5;48m[AndroidUiautomator2Driver@6ddc (32dc1ce1)][0m Querying the state of 'com.Advantage.aShopping'
[38;5;48m[AndroidUiautomator2Driver@6ddc (32dc1ce1)][0m 'com.Advantage.aShopping' has been successfully terminated
[38;5;0m[HTTP][0m [37m<-- POST /wd/hub/session/32dc1ce1-b525-4b6e-ab24-459f29902954/appium/device/terminate_app [39m[32m200[39m [90m570 ms - 14[39m
[38;5;0m[HTTP][0m [90m[39m
[38;5;0m[HTTP][0m [37m-->[39m [37mPOST[39m [37m/wd/hub/session/32dc1ce1-b525-4b6e-ab24-459f29902954/context[39m
[38;5;0m[HTTP][0m [90m{"name":"NATIVE_APP"}[39m
[38;5;0m[HTTP][0m [37m<-- POST /wd/hub/session/32dc1ce1-b525-4b6e-ab24-459f29902954/context [39m[32m200[39m [90m2 ms - 14[39m
[38;5;0m[HTTP][0m [90m[39m
[38;5;0m[HTTP][0m [37m-->[39m [37mDELETE[39m [37m/wd/hub/session/32dc1ce1-b525-4b6e-ab24-459f29902954[39m
[38;5;0m[HTTP][0m [90m{}[39m
[38;5;16m[AppiumDriver@d849][0m Removing session 32dc1ce1-b525-4b6e-ab24-459f29902954 from our master session list
[38;5;64m[ADB][0m com.Advantage.aShopping was successfully uninstalled
[38;5;48m[AndroidUiautomator2Driver@6ddc (32dc1ce1)][0m Restoring hidden api policy to the device default configuration
[38;5;0m[HTTP][0m [37m<-- DELETE /wd/hub/session/32dc1ce1-b525-4b6e-ab24-459f29902954 [39m[32m200[39m [90m1229 ms - 14[39m
[38;5;0m[HTTP][0m [90m[39m
