[35m[Appium][39m Welcome to Appium v2.5.0
[35m[Appium][39m Non-default server args:
[35m[Appium][39m { basePath: [32m'/wd/hub'[39m, loglevel: [32m'info'[39m, port: [33m12972[39m }
[35m[Appium][39m Attempting to load driver uiautomator2...
[35m[Appium][39m Appium REST http interface listener started on http://0.0.0.0:12972/wd/hub
[35m[Appium][39m You can provide the following URLs in your client code to connect to this server:
[35m[Appium][39m 	http://172.20.10.3:12972/wd/hub
[35m[Appium][39m 	http://127.0.0.1:12972/wd/hub (only accessible from the same host)
[35m[Appium][39m Available drivers:
[35m[Appium][39m   - uiautomator2@3.0.0 (automationName 'UiAutomator2')
[35m[Appium][39m No plugins have been installed. Use the "appium plugin" command to install the one(s) you want to use.
[38;5;0m[HTTP][0m [37m-->[39m [37mGET[39m [37m/wd/hub/status[39m
[38;5;0m[HTTP][0m [90m{}[39m
[38;5;0m[HTTP][0m [37m<-- GET /wd/hub/status [39m[32m200[39m [90m5 ms - 110[39m
[38;5;0m[HTTP][0m [90m[39m
[38;5;0m[HTTP][0m [37m-->[39m [37mPOST[39m [37m/wd/hub/session[39m
[38;5;0m[HTTP][0m [90m{"desiredCapabilities":{"appium:systemPort":12971,"appium:newCommandTimeout":1800,"appium:automationName":"uiautomator2","appium:fullReset":true,"appium:platformVersion":"14","appium:noReset":false,"appium:udid":"emulator-5554","appium:autoGrantPermissions":true,"appium:platformName":"ANDROID","appium:deviceName":"emulator-5554 (sdk_gphone64_x86_64 - Android 14)","platformName":"Android","appium:app":"C:\\Users\\asus\\Downloads\\Documents\\Compressed\\Advantage+demo+3.2.apk"},"capabilities":{"firstMatch":[{"appium:app":"C:\\Users\\asus\\Downloads\\Documents\\Compressed\\Advantage+demo+3.2.apk","appium:autoGrantPermissions":true,"appium:automationName":"uiautomator2","appium:deviceName":"emulator-5554 (sdk_gphone64_x86_64 - Android 14)","appium:fullReset":true,"appium:newCommandTimeout":1800,"appium:noReset":false,"appium:platformName":"ANDROID","appium:platformVersion":"14","appium:systemPort":12971,"appium:udid":"emulator-5554","platformName":"android"}]}}[39m
[38;5;32m[BaseDriver][0m Ignoring capability 'appium:platformName=ANDROID' and using capability 'platformName=android'
[38;5;32m[BaseDriver][0m The capabilities ["platformName"] are standard capabilities and do not require "appium:" prefix
[35m[Appium][39m Attempting to find matching driver for automationName 'uiautomator2' and platformName 'android'
[35m[Appium][39m The 'uiautomator2' driver was installed and matched caps.
[35m[Appium][39m Will require it at C:\Users\asus\.appium\node_modules\appium-uiautomator2-driver
[38;5;16m[AppiumDriver@357b][0m Appium v2.5.0 creating new AndroidUiautomator2Driver (v3.0.0) session
[38;5;16m[AppiumDriver@357b][0m Checking BaseDriver versions for Appium and AndroidUiautomator2Driver
[38;5;16m[AppiumDriver@357b][0m Appium's BaseDriver version is 9.5.1
[38;5;16m[AppiumDriver@357b][0m AndroidUiautomator2Driver's BaseDriver version is 9.5.1
[38;5;48m[AndroidUiautomator2Driver@d4cc (901a4db4)][0m Session created with session id: 901a4db4-3d7a-4f93-a34f-8da1fbde0a61
[38;5;64m[ADB][0m Found 1 'build-tools' folders under 'C:\Users\asus\.katalon\tools\android_sdk' (newest first):
[38;5;64m[ADB][0m     C:\Users\asus\.katalon\tools\android_sdk\build-tools\29.0.3
[38;5;64m[ADB][0m Using 'adb.exe' from 'C:\Users\asus\.katalon\tools\android_sdk\platform-tools\adb.exe'
[38;5;48m[AndroidUiautomator2Driver@d4cc (901a4db4)][0m Retrieving device list
[38;5;48m[AndroidUiautomator2Driver@d4cc (901a4db4)][0m Using device: emulator-5554
[38;5;64m[ADB][0m Using 'adb.exe' from 'C:\Users\asus\.katalon\tools\android_sdk\platform-tools\adb.exe'
[38;5;32m[BaseDriver][0m Using local app 'C:\Users\asus\Downloads\Documents\Compressed\Advantage+demo+3.2.apk'
[38;5;64m[ADB][0m Getting device platform version
[38;5;48m[AndroidUiautomator2Driver@d4cc (901a4db4)][0m Relaxing hidden api policy
[38;5;64m[ADB][0m Package name: 'com.Advantage.aShopping'
[38;5;64m[ADB][0m Main activity name: 'com.Advantage.aShopping.SplashActivity'
[38;5;64m[ADB][0m Using 'apksigner.jar' from 'C:\Users\asus\.katalon\tools\android_sdk\build-tools\29.0.3\lib\apksigner.jar'
[38;5;64m[ADB][0m 'C:\Users\asus\.appium\node_modules\appium-uiautomator2-driver\node_modules\appium-uiautomator2-server\apks\appium-uiautomator2-server-debug-androidTest.apk' is signed with the default certificate
[38;5;64m[ADB][0m 'C:\Users\asus\Downloads\Documents\Compressed\Advantage+demo+3.2.apk' is signed with a non-default certificate
[38;5;64m[ADB][0m com.Advantage.aShopping was not uninstalled, because it was not present on the device
[38;5;64m[ADB][0m The application at 'C:\Users\asus\Downloads\Documents\Compressed\Advantage+demo+3.2.apk' will not be cached, because the device under test has confirmed the support of streamed installs
[38;5;64m[ADB][0m 'C:\Users\asus\.appium\node_modules\appium-uiautomator2-driver\node_modules\appium-uiautomator2-server\apks\appium-uiautomator2-server-v7.0.0.apk' is signed with the default certificate
[38;5;64m[ADB][0m The installation of 'Advantage+demo+3.2.apk' took 495ms
[38;5;48m[AndroidUiautomator2Driver@d4cc (901a4db4)][0m Server packages are not going to be (re)installed
[38;5;64m[ADB][0m Adding packages ["io.appium.settings","io.appium.uiautomator2.server","io.appium.uiautomator2.server.test"] to Doze whitelist
[38;5;48m[AndroidUiautomator2Driver@d4cc (901a4db4)][0m Starting UIAutomator2 server 7.0.0
[38;5;48m[AndroidUiautomator2Driver@d4cc (901a4db4)][0m Using UIAutomator2 server from 'C:\Users\asus\.appium\node_modules\appium-uiautomator2-driver\node_modules\appium-uiautomator2-server\apks\appium-uiautomator2-server-v7.0.0.apk' and test from 'C:\Users\asus\.appium\node_modules\appium-uiautomator2-driver\node_modules\appium-uiautomator2-server\apks\appium-uiautomator2-server-debug-androidTest.apk'
[38;5;48m[AndroidUiautomator2Driver@d4cc (901a4db4)][0m Waiting up to 30000ms for UiAutomator2 to be online...
[38;5;48m[AndroidUiautomator2Driver@d4cc (901a4db4)][0m socket hang up
[38;5;48m[AndroidUiautomator2Driver@d4cc (901a4db4)][0m socket hang up
[38;5;48m[AndroidUiautomator2Driver@d4cc (901a4db4)][0m socket hang up
[38;5;48m[AndroidUiautomator2Driver@d4cc (901a4db4)][0m Determined the downstream protocol as 'W3C'
[38;5;48m[AndroidUiautomator2Driver@d4cc (901a4db4)][0m Screen already unlocked, doing nothing
[38;5;48m[AndroidUiautomator2Driver@d4cc (901a4db4)][0m Starting 'com.Advantage.aShopping/com.Advantage.aShopping.SplashActivity and waiting for 'com.Advantage.aShopping/com.Advantage.aShopping.SplashActivity'
[38;5;16m[AppiumDriver@357b][0m New AndroidUiautomator2Driver session created successfully, session 901a4db4-3d7a-4f93-a34f-8da1fbde0a61 added to master session list
[38;5;0m[HTTP][0m [37m<-- POST /wd/hub/session [39m[32m200[39m [90m9532 ms - 1272[39m
[38;5;0m[HTTP][0m [90m[39m
[38;5;0m[HTTP][0m [37m-->[39m [37mGET[39m [37m/wd/hub/session/901a4db4-3d7a-4f93-a34f-8da1fbde0a61[39m
[38;5;0m[HTTP][0m [90m{}[39m
[38;5;0m[HTTP][0m [37m<-- GET /wd/hub/session/901a4db4-3d7a-4f93-a34f-8da1fbde0a61 [39m[32m200[39m [90m25 ms - 387[39m
[38;5;0m[HTTP][0m [90m[39m
[38;5;0m[HTTP][0m [37m-->[39m [37mGET[39m [37m/wd/hub/session/901a4db4-3d7a-4f93-a34f-8da1fbde0a61[39m
[38;5;0m[HTTP][0m [90m{}[39m
[38;5;0m[HTTP][0m [37m<-- GET /wd/hub/session/901a4db4-3d7a-4f93-a34f-8da1fbde0a61 [39m[32m200[39m [90m35 ms - 387[39m
[38;5;0m[HTTP][0m [90m[39m
[38;5;0m[HTTP][0m [37m-->[39m [37mGET[39m [37m/wd/hub/status[39m
[38;5;0m[HTTP][0m [90m{}[39m
[38;5;0m[HTTP][0m [37m<-- GET /wd/hub/status [39m[32m200[39m [90m1 ms - 110[39m
[38;5;0m[HTTP][0m [90m[39m
[38;5;0m[HTTP][0m [37m-->[39m [37mPOST[39m [37m/wd/hub/session/901a4db4-3d7a-4f93-a34f-8da1fbde0a61/timeouts[39m
[38;5;0m[HTTP][0m [90m{"implicit":30000}[39m
[38;5;0m[HTTP][0m [37m<-- POST /wd/hub/session/901a4db4-3d7a-4f93-a34f-8da1fbde0a61/timeouts [39m[32m200[39m [90m5 ms - 14[39m
[38;5;0m[HTTP][0m [90m[39m
[38;5;0m[HTTP][0m [37m-->[39m [37mGET[39m [37m/wd/hub/session/901a4db4-3d7a-4f93-a34f-8da1fbde0a61/appium/device/system_bars[39m
[38;5;0m[HTTP][0m [90m{}[39m
[38;5;0m[HTTP][0m [37m<-- GET /wd/hub/session/901a4db4-3d7a-4f93-a34f-8da1fbde0a61/appium/device/system_bars [39m[32m200[39m [90m174 ms - 152[39m
[38;5;0m[HTTP][0m [90m[39m
[38;5;0m[HTTP][0m [37m-->[39m [37mPOST[39m [37m/wd/hub/session/901a4db4-3d7a-4f93-a34f-8da1fbde0a61/timeouts[39m
[38;5;0m[HTTP][0m [90m{"implicit":50}[39m
[38;5;0m[HTTP][0m [37m<-- POST /wd/hub/session/901a4db4-3d7a-4f93-a34f-8da1fbde0a61/timeouts [39m[32m200[39m [90m6 ms - 14[39m
[38;5;0m[HTTP][0m [90m[39m
[38;5;0m[HTTP][0m [37m-->[39m [37mGET[39m [37m/wd/hub/session/901a4db4-3d7a-4f93-a34f-8da1fbde0a61/window/rect[39m
[38;5;0m[HTTP][0m [90m{}[39m
[38;5;0m[HTTP][0m [37m<-- GET /wd/hub/session/901a4db4-3d7a-4f93-a34f-8da1fbde0a61/window/rect [39m[32m200[39m [90m43 ms - 50[39m
[38;5;0m[HTTP][0m [90m[39m
[38;5;0m[HTTP][0m [37m-->[39m [37mPOST[39m [37m/wd/hub/session/901a4db4-3d7a-4f93-a34f-8da1fbde0a61/elements[39m
[38;5;0m[HTTP][0m [90m{"using":"xpath","value":"//*[@class = 'android.widget.ImageView' and @resource-id = 'com.Advantage.aShopping:id/imageViewMenu' and (@text = '' or . = '')]"}[39m
[38;5;0m[HTTP][0m [37m<-- POST /wd/hub/session/901a4db4-3d7a-4f93-a34f-8da1fbde0a61/elements [39m[32m200[39m [90m1998 ms - 139[39m
[38;5;0m[HTTP][0m [90m[39m
[38;5;0m[HTTP][0m [37m-->[39m [37mGET[39m [37m/wd/hub/session/901a4db4-3d7a-4f93-a34f-8da1fbde0a61/element/00000000-0000-014f-ffff-ffff00000018/location[39m
[38;5;0m[HTTP][0m [90m{}[39m
[38;5;48m[AndroidUiautomator2Driver@d4cc (901a4db4)][0m Driver proxy active, passing request on via HTTP proxy
[38;5;48m[AndroidUiautomator2Driver@d4cc (901a4db4)][0m Replacing sessionId ef5705f3-88c8-48ba-8ddb-3a55d4c06f77 with 901a4db4-3d7a-4f93-a34f-8da1fbde0a61
[38;5;0m[HTTP][0m [37m<-- GET /wd/hub/session/901a4db4-3d7a-4f93-a34f-8da1fbde0a61/element/00000000-0000-014f-ffff-ffff00000018/location [39m[32m200[39m [90m39 ms - 76[39m
[38;5;0m[HTTP][0m [90m[39m
[38;5;0m[HTTP][0m [37m-->[39m [37mPOST[39m [37m/wd/hub/session/901a4db4-3d7a-4f93-a34f-8da1fbde0a61/timeouts[39m
[38;5;0m[HTTP][0m [90m{"implicit":30000}[39m
[38;5;0m[HTTP][0m [37m<-- POST /wd/hub/session/901a4db4-3d7a-4f93-a34f-8da1fbde0a61/timeouts [39m[32m200[39m [90m2 ms - 14[39m
[38;5;0m[HTTP][0m [90m[39m
[38;5;0m[HTTP][0m [37m-->[39m [37mPOST[39m [37m/wd/hub/session/901a4db4-3d7a-4f93-a34f-8da1fbde0a61/element/00000000-0000-014f-ffff-ffff00000018/click[39m
[38;5;0m[HTTP][0m [90m{"id":"00000000-0000-014f-ffff-ffff00000018"}[39m
[38;5;0m[HTTP][0m [37m<-- POST /wd/hub/session/901a4db4-3d7a-4f93-a34f-8da1fbde0a61/element/00000000-0000-014f-ffff-ffff00000018/click [39m[32m200[39m [90m117 ms - 14[39m
[38;5;0m[HTTP][0m [90m[39m
[38;5;0m[HTTP][0m [37m-->[39m [37mPOST[39m [37m/wd/hub/session/901a4db4-3d7a-4f93-a34f-8da1fbde0a61/timeouts[39m
[38;5;0m[HTTP][0m [90m{"implicit":50}[39m
[38;5;0m[HTTP][0m [37m<-- POST /wd/hub/session/901a4db4-3d7a-4f93-a34f-8da1fbde0a61/timeouts [39m[32m200[39m [90m4 ms - 14[39m
[38;5;0m[HTTP][0m [90m[39m
[38;5;0m[HTTP][0m [37m-->[39m [37mGET[39m [37m/wd/hub/session/901a4db4-3d7a-4f93-a34f-8da1fbde0a61/window/rect[39m
[38;5;0m[HTTP][0m [90m{}[39m
[38;5;0m[HTTP][0m [37m<-- GET /wd/hub/session/901a4db4-3d7a-4f93-a34f-8da1fbde0a61/window/rect [39m[32m200[39m [90m48 ms - 50[39m
[38;5;0m[HTTP][0m [90m[39m
[38;5;0m[HTTP][0m [37m-->[39m [37mPOST[39m [37m/wd/hub/session/901a4db4-3d7a-4f93-a34f-8da1fbde0a61/elements[39m
[38;5;0m[HTTP][0m [90m{"using":"xpath","value":"//hierarchy/android.widget.FrameLayout[1]/android.widget.LinearLayout[1]/android.widget.FrameLayout[1]/android.widget.LinearLayout[1]/android.widget.FrameLayout[1]/androidx.drawerlayout.widget.DrawerLayout[1]/android.widget.FrameLayout[1]/androidx.recyclerview.widget.RecyclerView[1]/android.widget.LinearLayout[1]/android.widget.LinearLayout[1]/android.widget.LinearLayout[1]/android.widget.LinearLayout[1]/android.widget.LinearLayout[1]"}[39m
[38;5;0m[HTTP][0m [37m<-- POST /wd/hub/session/901a4db4-3d7a-4f93-a34f-8da1fbde0a61/elements [39m[32m200[39m [90m1008 ms - 139[39m
[38;5;0m[HTTP][0m [90m[39m
[38;5;0m[HTTP][0m [37m-->[39m [37mGET[39m [37m/wd/hub/session/901a4db4-3d7a-4f93-a34f-8da1fbde0a61/element/00000000-0000-014f-ffff-ffff00000040/location[39m
[38;5;0m[HTTP][0m [90m{}[39m
[38;5;48m[AndroidUiautomator2Driver@d4cc (901a4db4)][0m Driver proxy active, passing request on via HTTP proxy
[38;5;48m[AndroidUiautomator2Driver@d4cc (901a4db4)][0m Replacing sessionId ef5705f3-88c8-48ba-8ddb-3a55d4c06f77 with 901a4db4-3d7a-4f93-a34f-8da1fbde0a61
[38;5;0m[HTTP][0m [37m<-- GET /wd/hub/session/901a4db4-3d7a-4f93-a34f-8da1fbde0a61/element/00000000-0000-014f-ffff-ffff00000040/location [39m[32m200[39m [90m55 ms - 78[39m
[38;5;0m[HTTP][0m [90m[39m
[38;5;0m[HTTP][0m [37m-->[39m [37mPOST[39m [37m/wd/hub/session/901a4db4-3d7a-4f93-a34f-8da1fbde0a61/timeouts[39m
[38;5;0m[HTTP][0m [90m{"implicit":30000}[39m
[38;5;0m[HTTP][0m [37m<-- POST /wd/hub/session/901a4db4-3d7a-4f93-a34f-8da1fbde0a61/timeouts [39m[32m200[39m [90m2 ms - 14[39m
[38;5;0m[HTTP][0m [90m[39m
[38;5;0m[HTTP][0m [37m-->[39m [37mPOST[39m [37m/wd/hub/session/901a4db4-3d7a-4f93-a34f-8da1fbde0a61/element/00000000-0000-014f-ffff-ffff00000040/click[39m
[38;5;0m[HTTP][0m [90m{"id":"00000000-0000-014f-ffff-ffff00000040"}[39m
[38;5;0m[HTTP][0m [37m<-- POST /wd/hub/session/901a4db4-3d7a-4f93-a34f-8da1fbde0a61/element/00000000-0000-014f-ffff-ffff00000040/click [39m[32m200[39m [90m99 ms - 14[39m
[38;5;0m[HTTP][0m [90m[39m
[38;5;0m[HTTP][0m [37m-->[39m [37mPOST[39m [37m/wd/hub/session/901a4db4-3d7a-4f93-a34f-8da1fbde0a61/timeouts[39m
[38;5;0m[HTTP][0m [90m{"implicit":50}[39m
[38;5;0m[HTTP][0m [37m<-- POST /wd/hub/session/901a4db4-3d7a-4f93-a34f-8da1fbde0a61/timeouts [39m[32m200[39m [90m3 ms - 14[39m
[38;5;0m[HTTP][0m [90m[39m
[38;5;0m[HTTP][0m [37m-->[39m [37mGET[39m [37m/wd/hub/session/901a4db4-3d7a-4f93-a34f-8da1fbde0a61/window/rect[39m
[38;5;0m[HTTP][0m [90m{}[39m
[38;5;0m[HTTP][0m [37m<-- GET /wd/hub/session/901a4db4-3d7a-4f93-a34f-8da1fbde0a61/window/rect [39m[32m200[39m [90m31 ms - 50[39m
[38;5;0m[HTTP][0m [90m[39m
[38;5;0m[HTTP][0m [37m-->[39m [37mPOST[39m [37m/wd/hub/session/901a4db4-3d7a-4f93-a34f-8da1fbde0a61/elements[39m
[38;5;0m[HTTP][0m [90m{"using":"xpath","value":"//hierarchy/android.widget.FrameLayout[1]/android.widget.LinearLayout[1]/android.widget.FrameLayout[1]/android.widget.LinearLayout[1]/android.widget.FrameLayout[1]/android.widget.RelativeLayout[1]/android.widget.LinearLayout[2]/android.widget.RelativeLayout[3]/android.widget.EditText[1]"}[39m
[38;5;0m[HTTP][0m [37m<-- POST /wd/hub/session/901a4db4-3d7a-4f93-a34f-8da1fbde0a61/elements [39m[32m200[39m [90m1092 ms - 139[39m
[38;5;0m[HTTP][0m [90m[39m
[38;5;0m[HTTP][0m [37m-->[39m [37mGET[39m [37m/wd/hub/session/901a4db4-3d7a-4f93-a34f-8da1fbde0a61/element/00000000-0000-0150-ffff-ffff00000077/location[39m
[38;5;0m[HTTP][0m [90m{}[39m
[38;5;48m[AndroidUiautomator2Driver@d4cc (901a4db4)][0m Driver proxy active, passing request on via HTTP proxy
[38;5;48m[AndroidUiautomator2Driver@d4cc (901a4db4)][0m Replacing sessionId ef5705f3-88c8-48ba-8ddb-3a55d4c06f77 with 901a4db4-3d7a-4f93-a34f-8da1fbde0a61
[38;5;0m[HTTP][0m [37m<-- GET /wd/hub/session/901a4db4-3d7a-4f93-a34f-8da1fbde0a61/element/00000000-0000-0150-ffff-ffff00000077/location [39m[32m200[39m [90m743 ms - 77[39m
[38;5;0m[HTTP][0m [90m[39m
[38;5;0m[HTTP][0m [37m-->[39m [37mPOST[39m [37m/wd/hub/session/901a4db4-3d7a-4f93-a34f-8da1fbde0a61/timeouts[39m
[38;5;0m[HTTP][0m [90m{"implicit":30000}[39m
[38;5;0m[HTTP][0m [37m<-- POST /wd/hub/session/901a4db4-3d7a-4f93-a34f-8da1fbde0a61/timeouts [39m[32m200[39m [90m1 ms - 14[39m
[38;5;0m[HTTP][0m [90m[39m
[38;5;0m[HTTP][0m [37m-->[39m [37mPOST[39m [37m/wd/hub/session/901a4db4-3d7a-4f93-a34f-8da1fbde0a61/element/00000000-0000-0150-ffff-ffff00000077/clear[39m
[38;5;0m[HTTP][0m [90m{"id":"00000000-0000-0150-ffff-ffff00000077"}[39m
[38;5;0m[HTTP][0m [37m<-- POST /wd/hub/session/901a4db4-3d7a-4f93-a34f-8da1fbde0a61/element/00000000-0000-0150-ffff-ffff00000077/clear [39m[32m200[39m [90m38 ms - 14[39m
[38;5;0m[HTTP][0m [90m[39m
[38;5;0m[HTTP][0m [37m-->[39m [37mPOST[39m [37m/wd/hub/session/901a4db4-3d7a-4f93-a34f-8da1fbde0a61/element/00000000-0000-0150-ffff-ffff00000077/click[39m
[38;5;0m[HTTP][0m [90m{"id":"00000000-0000-0150-ffff-ffff00000077"}[39m
[38;5;0m[HTTP][0m [37m<-- POST /wd/hub/session/901a4db4-3d7a-4f93-a34f-8da1fbde0a61/element/00000000-0000-0150-ffff-ffff00000077/click [39m[32m200[39m [90m560 ms - 14[39m
[38;5;0m[HTTP][0m [90m[39m
[38;5;0m[HTTP][0m [37m-->[39m [37mPOST[39m [37m/wd/hub/session/901a4db4-3d7a-4f93-a34f-8da1fbde0a61/element/00000000-0000-0150-ffff-ffff00000077/value[39m
[38;5;0m[HTTP][0m [90m{"id":"00000000-0000-0150-ffff-ffff00000077","text":"harimau","value":["h","a","r","i","m","a","u"]}[39m
[38;5;0m[HTTP][0m [37m<-- POST /wd/hub/session/901a4db4-3d7a-4f93-a34f-8da1fbde0a61/element/00000000-0000-0150-ffff-ffff00000077/value [39m[32m200[39m [90m1161 ms - 14[39m
[38;5;0m[HTTP][0m [90m[39m
[38;5;0m[HTTP][0m [37m-->[39m [37mPOST[39m [37m/wd/hub/session/901a4db4-3d7a-4f93-a34f-8da1fbde0a61/timeouts[39m
[38;5;0m[HTTP][0m [90m{"implicit":50}[39m
[38;5;0m[HTTP][0m [37m<-- POST /wd/hub/session/901a4db4-3d7a-4f93-a34f-8da1fbde0a61/timeouts [39m[32m200[39m [90m3 ms - 14[39m
[38;5;0m[HTTP][0m [90m[39m
[38;5;0m[HTTP][0m [37m-->[39m [37mGET[39m [37m/wd/hub/session/901a4db4-3d7a-4f93-a34f-8da1fbde0a61/window/rect[39m
[38;5;0m[HTTP][0m [90m{}[39m
[38;5;0m[HTTP][0m [37m<-- GET /wd/hub/session/901a4db4-3d7a-4f93-a34f-8da1fbde0a61/window/rect [39m[32m200[39m [90m92 ms - 50[39m
[38;5;0m[HTTP][0m [90m[39m
[38;5;0m[HTTP][0m [37m-->[39m [37mPOST[39m [37m/wd/hub/session/901a4db4-3d7a-4f93-a34f-8da1fbde0a61/elements[39m
[38;5;0m[HTTP][0m [90m{"using":"xpath","value":"//hierarchy/android.widget.FrameLayout[1]/android.widget.LinearLayout[1]/android.widget.FrameLayout[1]/android.widget.LinearLayout[1]/android.widget.FrameLayout[1]/android.widget.RelativeLayout[1]/android.widget.LinearLayout[2]/android.widget.RelativeLayout[4]/android.widget.EditText[1]"}[39m
[38;5;0m[HTTP][0m [37m<-- POST /wd/hub/session/901a4db4-3d7a-4f93-a34f-8da1fbde0a61/elements [39m[32m200[39m [90m915 ms - 139[39m
[38;5;0m[HTTP][0m [90m[39m
[38;5;0m[HTTP][0m [37m-->[39m [37mGET[39m [37m/wd/hub/session/901a4db4-3d7a-4f93-a34f-8da1fbde0a61/element/00000000-0000-0150-ffff-ffff0000007b/location[39m
[38;5;0m[HTTP][0m [90m{}[39m
[38;5;48m[AndroidUiautomator2Driver@d4cc (901a4db4)][0m Driver proxy active, passing request on via HTTP proxy
[38;5;48m[AndroidUiautomator2Driver@d4cc (901a4db4)][0m Replacing sessionId ef5705f3-88c8-48ba-8ddb-3a55d4c06f77 with 901a4db4-3d7a-4f93-a34f-8da1fbde0a61
[38;5;0m[HTTP][0m [37m<-- GET /wd/hub/session/901a4db4-3d7a-4f93-a34f-8da1fbde0a61/element/00000000-0000-0150-ffff-ffff0000007b/location [39m[32m200[39m [90m28 ms - 77[39m
[38;5;0m[HTTP][0m [90m[39m
[38;5;0m[HTTP][0m [37m-->[39m [37mPOST[39m [37m/wd/hub/session/901a4db4-3d7a-4f93-a34f-8da1fbde0a61/timeouts[39m
[38;5;0m[HTTP][0m [90m{"implicit":30000}[39m
[38;5;0m[HTTP][0m [37m<-- POST /wd/hub/session/901a4db4-3d7a-4f93-a34f-8da1fbde0a61/timeouts [39m[32m200[39m [90m1 ms - 14[39m
[38;5;0m[HTTP][0m [90m[39m
[38;5;0m[HTTP][0m [37m-->[39m [37mPOST[39m [37m/wd/hub/session/901a4db4-3d7a-4f93-a34f-8da1fbde0a61/element/00000000-0000-0150-ffff-ffff0000007b/clear[39m
[38;5;0m[HTTP][0m [90m{"id":"00000000-0000-0150-ffff-ffff0000007b"}[39m
[38;5;0m[HTTP][0m [37m<-- POST /wd/hub/session/901a4db4-3d7a-4f93-a34f-8da1fbde0a61/element/00000000-0000-0150-ffff-ffff0000007b/clear [39m[32m200[39m [90m46 ms - 14[39m
[38;5;0m[HTTP][0m [90m[39m
[38;5;0m[HTTP][0m [37m-->[39m [37mPOST[39m [37m/wd/hub/session/901a4db4-3d7a-4f93-a34f-8da1fbde0a61/element/00000000-0000-0150-ffff-ffff0000007b/click[39m
[38;5;0m[HTTP][0m [90m{"id":"00000000-0000-0150-ffff-ffff0000007b"}[39m
[38;5;0m[HTTP][0m [37m<-- POST /wd/hub/session/901a4db4-3d7a-4f93-a34f-8da1fbde0a61/element/00000000-0000-0150-ffff-ffff0000007b/click [39m[32m200[39m [90m561 ms - 14[39m
[38;5;0m[HTTP][0m [90m[39m
[38;5;0m[HTTP][0m [37m-->[39m [37mPOST[39m [37m/wd/hub/session/901a4db4-3d7a-4f93-a34f-8da1fbde0a61/element/00000000-0000-0150-ffff-ffff0000007b/value[39m
[38;5;0m[HTTP][0m [90m{"id":"00000000-0000-0150-ffff-ffff0000007b","text":"Harimau1","value":["H","a","r","i","m","a","u","1"]}[39m
[38;5;0m[HTTP][0m [37m<-- POST /wd/hub/session/901a4db4-3d7a-4f93-a34f-8da1fbde0a61/element/00000000-0000-0150-ffff-ffff0000007b/value [39m[32m200[39m [90m695 ms - 14[39m
[38;5;0m[HTTP][0m [90m[39m
[38;5;0m[HTTP][0m [37m-->[39m [37mPOST[39m [37m/wd/hub/session/901a4db4-3d7a-4f93-a34f-8da1fbde0a61/timeouts[39m
[38;5;0m[HTTP][0m [90m{"implicit":50}[39m
[38;5;0m[HTTP][0m [37m<-- POST /wd/hub/session/901a4db4-3d7a-4f93-a34f-8da1fbde0a61/timeouts [39m[32m200[39m [90m3 ms - 14[39m
[38;5;0m[HTTP][0m [90m[39m
[38;5;0m[HTTP][0m [37m-->[39m [37mGET[39m [37m/wd/hub/session/901a4db4-3d7a-4f93-a34f-8da1fbde0a61/window/rect[39m
[38;5;0m[HTTP][0m [90m{}[39m
[38;5;0m[HTTP][0m [37m<-- GET /wd/hub/session/901a4db4-3d7a-4f93-a34f-8da1fbde0a61/window/rect [39m[32m200[39m [90m46 ms - 50[39m
[38;5;0m[HTTP][0m [90m[39m
[38;5;0m[HTTP][0m [37m-->[39m [37mPOST[39m [37m/wd/hub/session/901a4db4-3d7a-4f93-a34f-8da1fbde0a61/elements[39m
[38;5;0m[HTTP][0m [90m{"using":"xpath","value":"//*[@class = 'android.widget.Button' and (@text = 'LOGIN' or . = 'LOGIN') and @resource-id = 'com.Advantage.aShopping:id/buttonLogin']"}[39m
[38;5;0m[HTTP][0m [37m<-- POST /wd/hub/session/901a4db4-3d7a-4f93-a34f-8da1fbde0a61/elements [39m[32m200[39m [90m743 ms - 139[39m
[38;5;0m[HTTP][0m [90m[39m
[38;5;0m[HTTP][0m [37m-->[39m [37mGET[39m [37m/wd/hub/session/901a4db4-3d7a-4f93-a34f-8da1fbde0a61/element/00000000-0000-0150-ffff-ffff00000081/location[39m
[38;5;0m[HTTP][0m [90m{}[39m
[38;5;48m[AndroidUiautomator2Driver@d4cc (901a4db4)][0m Driver proxy active, passing request on via HTTP proxy
[38;5;48m[AndroidUiautomator2Driver@d4cc (901a4db4)][0m Replacing sessionId ef5705f3-88c8-48ba-8ddb-3a55d4c06f77 with 901a4db4-3d7a-4f93-a34f-8da1fbde0a61
[38;5;0m[HTTP][0m [37m<-- GET /wd/hub/session/901a4db4-3d7a-4f93-a34f-8da1fbde0a61/element/00000000-0000-0150-ffff-ffff00000081/location [39m[32m200[39m [90m30 ms - 78[39m
[38;5;0m[HTTP][0m [90m[39m
[38;5;0m[HTTP][0m [37m-->[39m [37mPOST[39m [37m/wd/hub/session/901a4db4-3d7a-4f93-a34f-8da1fbde0a61/timeouts[39m
[38;5;0m[HTTP][0m [90m{"implicit":30000}[39m
[38;5;0m[HTTP][0m [37m<-- POST /wd/hub/session/901a4db4-3d7a-4f93-a34f-8da1fbde0a61/timeouts [39m[32m200[39m [90m1 ms - 14[39m
[38;5;0m[HTTP][0m [90m[39m
[38;5;0m[HTTP][0m [37m-->[39m [37mPOST[39m [37m/wd/hub/session/901a4db4-3d7a-4f93-a34f-8da1fbde0a61/element/00000000-0000-0150-ffff-ffff00000081/click[39m
[38;5;0m[HTTP][0m [90m{"id":"00000000-0000-0150-ffff-ffff00000081"}[39m
[38;5;0m[HTTP][0m [37m<-- POST /wd/hub/session/901a4db4-3d7a-4f93-a34f-8da1fbde0a61/element/00000000-0000-0150-ffff-ffff00000081/click [39m[32m200[39m [90m95 ms - 14[39m
[38;5;0m[HTTP][0m [90m[39m
[38;5;0m[HTTP][0m [37m-->[39m [37mPOST[39m [37m/wd/hub/session/901a4db4-3d7a-4f93-a34f-8da1fbde0a61/timeouts[39m
[38;5;0m[HTTP][0m [90m{"implicit":50}[39m
[38;5;0m[HTTP][0m [37m<-- POST /wd/hub/session/901a4db4-3d7a-4f93-a34f-8da1fbde0a61/timeouts [39m[32m200[39m [90m2 ms - 14[39m
[38;5;0m[HTTP][0m [90m[39m
[38;5;0m[HTTP][0m [37m-->[39m [37mGET[39m [37m/wd/hub/session/901a4db4-3d7a-4f93-a34f-8da1fbde0a61/window/rect[39m
[38;5;0m[HTTP][0m [90m{}[39m
[38;5;0m[HTTP][0m [37m<-- GET /wd/hub/session/901a4db4-3d7a-4f93-a34f-8da1fbde0a61/window/rect [39m[32m200[39m [90m19 ms - 50[39m
[38;5;0m[HTTP][0m [90m[39m
[38;5;0m[HTTP][0m [37m-->[39m [37mPOST[39m [37m/wd/hub/session/901a4db4-3d7a-4f93-a34f-8da1fbde0a61/elements[39m
[38;5;0m[HTTP][0m [90m{"using":"xpath","value":"//*[@class = 'android.widget.TextView' and (@text = 'Incorrect user name or password.' or . = 'Incorrect user name or password.') and @resource-id = 'com.Advantage.aShopping:id/textViewFailed']"}[39m
[38;5;0m[HTTP][0m [37m<-- POST /wd/hub/session/901a4db4-3d7a-4f93-a34f-8da1fbde0a61/elements [39m[32m200[39m [90m202 ms - 12[39m
[38;5;0m[HTTP][0m [90m[39m
[38;5;0m[HTTP][0m [37m-->[39m [37mPOST[39m [37m/wd/hub/session/901a4db4-3d7a-4f93-a34f-8da1fbde0a61/elements[39m
[38;5;0m[HTTP][0m [90m{"using":"xpath","value":"//*[@class = 'android.widget.TextView' and (@text = 'Incorrect user name or password.' or . = 'Incorrect user name or password.') and @resource-id = 'com.Advantage.aShopping:id/textViewFailed']"}[39m
[38;5;0m[HTTP][0m [37m<-- POST /wd/hub/session/901a4db4-3d7a-4f93-a34f-8da1fbde0a61/elements [39m[32m200[39m [90m155 ms - 12[39m
[38;5;0m[HTTP][0m [90m[39m
[38;5;0m[HTTP][0m [37m-->[39m [37mPOST[39m [37m/wd/hub/session/901a4db4-3d7a-4f93-a34f-8da1fbde0a61/elements[39m
[38;5;0m[HTTP][0m [90m{"using":"xpath","value":"//*[@class = 'android.widget.TextView' and (@text = 'Incorrect user name or password.' or . = 'Incorrect user name or password.') and @resource-id = 'com.Advantage.aShopping:id/textViewFailed']"}[39m
[38;5;0m[HTTP][0m [37m<-- POST /wd/hub/session/901a4db4-3d7a-4f93-a34f-8da1fbde0a61/elements [39m[32m200[39m [90m142 ms - 12[39m
[38;5;0m[HTTP][0m [90m[39m
[38;5;0m[HTTP][0m [37m-->[39m [37mPOST[39m [37m/wd/hub/session/901a4db4-3d7a-4f93-a34f-8da1fbde0a61/elements[39m
[38;5;0m[HTTP][0m [90m{"using":"xpath","value":"//*[@class = 'android.widget.TextView' and (@text = 'Incorrect user name or password.' or . = 'Incorrect user name or password.') and @resource-id = 'com.Advantage.aShopping:id/textViewFailed']"}[39m
[38;5;0m[HTTP][0m [37m<-- POST /wd/hub/session/901a4db4-3d7a-4f93-a34f-8da1fbde0a61/elements [39m[32m200[39m [90m199 ms - 12[39m
[38;5;0m[HTTP][0m [90m[39m
[38;5;0m[HTTP][0m [37m-->[39m [37mPOST[39m [37m/wd/hub/session/901a4db4-3d7a-4f93-a34f-8da1fbde0a61/elements[39m
[38;5;0m[HTTP][0m [90m{"using":"xpath","value":"//*[@class = 'android.widget.TextView' and (@text = 'Incorrect user name or password.' or . = 'Incorrect user name or password.') and @resource-id = 'com.Advantage.aShopping:id/textViewFailed']"}[39m
[38;5;0m[HTTP][0m [37m<-- POST /wd/hub/session/901a4db4-3d7a-4f93-a34f-8da1fbde0a61/elements [39m[32m200[39m [90m154 ms - 12[39m
[38;5;0m[HTTP][0m [90m[39m
[38;5;0m[HTTP][0m [37m-->[39m [37mPOST[39m [37m/wd/hub/session/901a4db4-3d7a-4f93-a34f-8da1fbde0a61/elements[39m
[38;5;0m[HTTP][0m [90m{"using":"xpath","value":"//*[@class = 'android.widget.TextView' and (@text = 'Incorrect user name or password.' or . = 'Incorrect user name or password.') and @resource-id = 'com.Advantage.aShopping:id/textViewFailed']"}[39m
[38;5;0m[HTTP][0m [37m<-- POST /wd/hub/session/901a4db4-3d7a-4f93-a34f-8da1fbde0a61/elements [39m[32m200[39m [90m149 ms - 12[39m
[38;5;0m[HTTP][0m [90m[39m
[38;5;0m[HTTP][0m [37m-->[39m [37mPOST[39m [37m/wd/hub/session/901a4db4-3d7a-4f93-a34f-8da1fbde0a61/elements[39m
[38;5;0m[HTTP][0m [90m{"using":"xpath","value":"//*[@class = 'android.widget.TextView' and (@text = 'Incorrect user name or password.' or . = 'Incorrect user name or password.') and @resource-id = 'com.Advantage.aShopping:id/textViewFailed']"}[39m
[38;5;0m[HTTP][0m [37m<-- POST /wd/hub/session/901a4db4-3d7a-4f93-a34f-8da1fbde0a61/elements [39m[32m200[39m [90m164 ms - 12[39m
[38;5;0m[HTTP][0m [90m[39m
[38;5;0m[HTTP][0m [37m-->[39m [37mPOST[39m [37m/wd/hub/session/901a4db4-3d7a-4f93-a34f-8da1fbde0a61/elements[39m
[38;5;0m[HTTP][0m [90m{"using":"xpath","value":"//*[@class = 'android.widget.TextView' and (@text = 'Incorrect user name or password.' or . = 'Incorrect user name or password.') and @resource-id = 'com.Advantage.aShopping:id/textViewFailed']"}[39m
[38;5;0m[HTTP][0m [37m<-- POST /wd/hub/session/901a4db4-3d7a-4f93-a34f-8da1fbde0a61/elements [39m[32m200[39m [90m139 ms - 12[39m
[38;5;0m[HTTP][0m [90m[39m
[38;5;0m[HTTP][0m [37m-->[39m [37mPOST[39m [37m/wd/hub/session/901a4db4-3d7a-4f93-a34f-8da1fbde0a61/elements[39m
[38;5;0m[HTTP][0m [90m{"using":"xpath","value":"//*[@class = 'android.widget.TextView' and (@text = 'Incorrect user name or password.' or . = 'Incorrect user name or password.') and @resource-id = 'com.Advantage.aShopping:id/textViewFailed']"}[39m
[38;5;0m[HTTP][0m [37m<-- POST /wd/hub/session/901a4db4-3d7a-4f93-a34f-8da1fbde0a61/elements [39m[32m200[39m [90m155 ms - 12[39m
[38;5;0m[HTTP][0m [90m[39m
[38;5;0m[HTTP][0m [37m-->[39m [37mPOST[39m [37m/wd/hub/session/901a4db4-3d7a-4f93-a34f-8da1fbde0a61/elements[39m
[38;5;0m[HTTP][0m [90m{"using":"xpath","value":"//*[@class = 'android.widget.TextView' and (@text = 'Incorrect user name or password.' or . = 'Incorrect user name or password.') and @resource-id = 'com.Advantage.aShopping:id/textViewFailed']"}[39m
[38;5;0m[HTTP][0m [37m<-- POST /wd/hub/session/901a4db4-3d7a-4f93-a34f-8da1fbde0a61/elements [39m[32m200[39m [90m185 ms - 12[39m
[38;5;0m[HTTP][0m [90m[39m
[38;5;0m[HTTP][0m [37m-->[39m [37mPOST[39m [37m/wd/hub/session/901a4db4-3d7a-4f93-a34f-8da1fbde0a61/elements[39m
[38;5;0m[HTTP][0m [90m{"using":"xpath","value":"//*[@class = 'android.widget.TextView' and (@text = 'Incorrect user name or password.' or . = 'Incorrect user name or password.') and @resource-id = 'com.Advantage.aShopping:id/textViewFailed']"}[39m
[38;5;0m[HTTP][0m [37m<-- POST /wd/hub/session/901a4db4-3d7a-4f93-a34f-8da1fbde0a61/elements [39m[32m200[39m [90m145 ms - 12[39m
[38;5;0m[HTTP][0m [90m[39m
[38;5;0m[HTTP][0m [37m-->[39m [37mPOST[39m [37m/wd/hub/session/901a4db4-3d7a-4f93-a34f-8da1fbde0a61/elements[39m
[38;5;0m[HTTP][0m [90m{"using":"xpath","value":"//*[@class = 'android.widget.TextView' and (@text = 'Incorrect user name or password.' or . = 'Incorrect user name or password.') and @resource-id = 'com.Advantage.aShopping:id/textViewFailed']"}[39m
[38;5;0m[HTTP][0m [37m<-- POST /wd/hub/session/901a4db4-3d7a-4f93-a34f-8da1fbde0a61/elements [39m[32m200[39m [90m147 ms - 12[39m
[38;5;0m[HTTP][0m [90m[39m
[38;5;0m[HTTP][0m [37m-->[39m [37mPOST[39m [37m/wd/hub/session/901a4db4-3d7a-4f93-a34f-8da1fbde0a61/elements[39m
[38;5;0m[HTTP][0m [90m{"using":"xpath","value":"//*[@class = 'android.widget.TextView' and (@text = 'Incorrect user name or password.' or . = 'Incorrect user name or password.') and @resource-id = 'com.Advantage.aShopping:id/textViewFailed']"}[39m
[38;5;0m[HTTP][0m [37m<-- POST /wd/hub/session/901a4db4-3d7a-4f93-a34f-8da1fbde0a61/elements [39m[32m200[39m [90m169 ms - 12[39m
[38;5;0m[HTTP][0m [90m[39m
[38;5;0m[HTTP][0m [37m-->[39m [37mPOST[39m [37m/wd/hub/session/901a4db4-3d7a-4f93-a34f-8da1fbde0a61/elements[39m
[38;5;0m[HTTP][0m [90m{"using":"xpath","value":"//*[@class = 'android.widget.TextView' and (@text = 'Incorrect user name or password.' or . = 'Incorrect user name or password.') and @resource-id = 'com.Advantage.aShopping:id/textViewFailed']"}[39m
[38;5;0m[HTTP][0m [37m<-- POST /wd/hub/session/901a4db4-3d7a-4f93-a34f-8da1fbde0a61/elements [39m[32m200[39m [90m142 ms - 12[39m
[38;5;0m[HTTP][0m [90m[39m
[38;5;0m[HTTP][0m [37m-->[39m [37mPOST[39m [37m/wd/hub/session/901a4db4-3d7a-4f93-a34f-8da1fbde0a61/elements[39m
[38;5;0m[HTTP][0m [90m{"using":"xpath","value":"//*[@class = 'android.widget.TextView' and (@text = 'Incorrect user name or password.' or . = 'Incorrect user name or password.') and @resource-id = 'com.Advantage.aShopping:id/textViewFailed']"}[39m
[38;5;0m[HTTP][0m [37m<-- POST /wd/hub/session/901a4db4-3d7a-4f93-a34f-8da1fbde0a61/elements [39m[32m200[39m [90m142 ms - 12[39m
[38;5;0m[HTTP][0m [90m[39m
[38;5;0m[HTTP][0m [37m-->[39m [37mPOST[39m [37m/wd/hub/session/901a4db4-3d7a-4f93-a34f-8da1fbde0a61/elements[39m
[38;5;0m[HTTP][0m [90m{"using":"xpath","value":"//*[@class = 'android.widget.TextView' and (@text = 'Incorrect user name or password.' or . = 'Incorrect user name or password.') and @resource-id = 'com.Advantage.aShopping:id/textViewFailed']"}[39m
[38;5;0m[HTTP][0m [37m<-- POST /wd/hub/session/901a4db4-3d7a-4f93-a34f-8da1fbde0a61/elements [39m[32m200[39m [90m140 ms - 12[39m
[38;5;0m[HTTP][0m [90m[39m
[38;5;0m[HTTP][0m [37m-->[39m [37mPOST[39m [37m/wd/hub/session/901a4db4-3d7a-4f93-a34f-8da1fbde0a61/elements[39m
[38;5;0m[HTTP][0m [90m{"using":"xpath","value":"//*[@class = 'android.widget.TextView' and (@text = 'Incorrect user name or password.' or . = 'Incorrect user name or password.') and @resource-id = 'com.Advantage.aShopping:id/textViewFailed']"}[39m
[38;5;0m[HTTP][0m [37m<-- POST /wd/hub/session/901a4db4-3d7a-4f93-a34f-8da1fbde0a61/elements [39m[32m200[39m [90m143 ms - 12[39m
[38;5;0m[HTTP][0m [90m[39m
[38;5;0m[HTTP][0m [37m-->[39m [37mPOST[39m [37m/wd/hub/session/901a4db4-3d7a-4f93-a34f-8da1fbde0a61/elements[39m
[38;5;0m[HTTP][0m [90m{"using":"xpath","value":"//*[@class = 'android.widget.TextView' and (@text = 'Incorrect user name or password.' or . = 'Incorrect user name or password.') and @resource-id = 'com.Advantage.aShopping:id/textViewFailed']"}[39m
[38;5;0m[HTTP][0m [37m<-- POST /wd/hub/session/901a4db4-3d7a-4f93-a34f-8da1fbde0a61/elements [39m[32m200[39m [90m147 ms - 12[39m
[38;5;0m[HTTP][0m [90m[39m
[38;5;0m[HTTP][0m [37m-->[39m [37mPOST[39m [37m/wd/hub/session/901a4db4-3d7a-4f93-a34f-8da1fbde0a61/elements[39m
[38;5;0m[HTTP][0m [90m{"using":"xpath","value":"//*[@class = 'android.widget.TextView' and (@text = 'Incorrect user name or password.' or . = 'Incorrect user name or password.') and @resource-id = 'com.Advantage.aShopping:id/textViewFailed']"}[39m
[38;5;0m[HTTP][0m [37m<-- POST /wd/hub/session/901a4db4-3d7a-4f93-a34f-8da1fbde0a61/elements [39m[32m200[39m [90m141 ms - 12[39m
[38;5;0m[HTTP][0m [90m[39m
[38;5;0m[HTTP][0m [37m-->[39m [37mPOST[39m [37m/wd/hub/session/901a4db4-3d7a-4f93-a34f-8da1fbde0a61/elements[39m
[38;5;0m[HTTP][0m [90m{"using":"xpath","value":"//*[@class = 'android.widget.TextView' and (@text = 'Incorrect user name or password.' or . = 'Incorrect user name or password.') and @resource-id = 'com.Advantage.aShopping:id/textViewFailed']"}[39m
[38;5;0m[HTTP][0m [37m<-- POST /wd/hub/session/901a4db4-3d7a-4f93-a34f-8da1fbde0a61/elements [39m[32m200[39m [90m166 ms - 12[39m
[38;5;0m[HTTP][0m [90m[39m
[38;5;0m[HTTP][0m [37m-->[39m [37mPOST[39m [37m/wd/hub/session/901a4db4-3d7a-4f93-a34f-8da1fbde0a61/elements[39m
[38;5;0m[HTTP][0m [90m{"using":"xpath","value":"//*[@class = 'android.widget.TextView' and (@text = 'Incorrect user name or password.' or . = 'Incorrect user name or password.') and @resource-id = 'com.Advantage.aShopping:id/textViewFailed']"}[39m
[38;5;0m[HTTP][0m [37m<-- POST /wd/hub/session/901a4db4-3d7a-4f93-a34f-8da1fbde0a61/elements [39m[32m200[39m [90m134 ms - 12[39m
[38;5;0m[HTTP][0m [90m[39m
[38;5;0m[HTTP][0m [37m-->[39m [37mPOST[39m [37m/wd/hub/session/901a4db4-3d7a-4f93-a34f-8da1fbde0a61/elements[39m
[38;5;0m[HTTP][0m [90m{"using":"xpath","value":"//*[@class = 'android.widget.TextView' and (@text = 'Incorrect user name or password.' or . = 'Incorrect user name or password.') and @resource-id = 'com.Advantage.aShopping:id/textViewFailed']"}[39m
[38;5;0m[HTTP][0m [37m<-- POST /wd/hub/session/901a4db4-3d7a-4f93-a34f-8da1fbde0a61/elements [39m[32m200[39m [90m151 ms - 12[39m
[38;5;0m[HTTP][0m [90m[39m
[38;5;0m[HTTP][0m [37m-->[39m [37mPOST[39m [37m/wd/hub/session/901a4db4-3d7a-4f93-a34f-8da1fbde0a61/elements[39m
[38;5;0m[HTTP][0m [90m{"using":"xpath","value":"//*[@class = 'android.widget.TextView' and (@text = 'Incorrect user name or password.' or . = 'Incorrect user name or password.') and @resource-id = 'com.Advantage.aShopping:id/textViewFailed']"}[39m
[38;5;0m[HTTP][0m [37m<-- POST /wd/hub/session/901a4db4-3d7a-4f93-a34f-8da1fbde0a61/elements [39m[32m200[39m [90m189 ms - 12[39m
[38;5;0m[HTTP][0m [90m[39m
[38;5;0m[HTTP][0m [37m-->[39m [37mPOST[39m [37m/wd/hub/session/901a4db4-3d7a-4f93-a34f-8da1fbde0a61/elements[39m
[38;5;0m[HTTP][0m [90m{"using":"xpath","value":"//*[@class = 'android.widget.TextView' and (@text = 'Incorrect user name or password.' or . = 'Incorrect user name or password.') and @resource-id = 'com.Advantage.aShopping:id/textViewFailed']"}[39m
[38;5;0m[HTTP][0m [37m<-- POST /wd/hub/session/901a4db4-3d7a-4f93-a34f-8da1fbde0a61/elements [39m[32m200[39m [90m168 ms - 12[39m
[38;5;0m[HTTP][0m [90m[39m
[38;5;0m[HTTP][0m [37m-->[39m [37mPOST[39m [37m/wd/hub/session/901a4db4-3d7a-4f93-a34f-8da1fbde0a61/elements[39m
[38;5;0m[HTTP][0m [90m{"using":"xpath","value":"//*[@class = 'android.widget.TextView' and (@text = 'Incorrect user name or password.' or . = 'Incorrect user name or password.') and @resource-id = 'com.Advantage.aShopping:id/textViewFailed']"}[39m
[38;5;0m[HTTP][0m [37m<-- POST /wd/hub/session/901a4db4-3d7a-4f93-a34f-8da1fbde0a61/elements [39m[32m200[39m [90m137 ms - 12[39m
[38;5;0m[HTTP][0m [90m[39m
[38;5;0m[HTTP][0m [37m-->[39m [37mPOST[39m [37m/wd/hub/session/901a4db4-3d7a-4f93-a34f-8da1fbde0a61/elements[39m
[38;5;0m[HTTP][0m [90m{"using":"xpath","value":"//*[@class = 'android.widget.TextView' and (@text = 'Incorrect user name or password.' or . = 'Incorrect user name or password.') and @resource-id = 'com.Advantage.aShopping:id/textViewFailed']"}[39m
[38;5;0m[HTTP][0m [37m<-- POST /wd/hub/session/901a4db4-3d7a-4f93-a34f-8da1fbde0a61/elements [39m[32m200[39m [90m200 ms - 12[39m
[38;5;0m[HTTP][0m [90m[39m
[38;5;0m[HTTP][0m [37m-->[39m [37mPOST[39m [37m/wd/hub/session/901a4db4-3d7a-4f93-a34f-8da1fbde0a61/elements[39m
[38;5;0m[HTTP][0m [90m{"using":"xpath","value":"//*[@class = 'android.widget.TextView' and (@text = 'Incorrect user name or password.' or . = 'Incorrect user name or password.') and @resource-id = 'com.Advantage.aShopping:id/textViewFailed']"}[39m
[38;5;0m[HTTP][0m [37m<-- POST /wd/hub/session/901a4db4-3d7a-4f93-a34f-8da1fbde0a61/elements [39m[32m200[39m [90m146 ms - 12[39m
[38;5;0m[HTTP][0m [90m[39m
[38;5;0m[HTTP][0m [37m-->[39m [37mPOST[39m [37m/wd/hub/session/901a4db4-3d7a-4f93-a34f-8da1fbde0a61/elements[39m
[38;5;0m[HTTP][0m [90m{"using":"xpath","value":"//*[@class = 'android.widget.TextView' and (@text = 'Incorrect user name or password.' or . = 'Incorrect user name or password.') and @resource-id = 'com.Advantage.aShopping:id/textViewFailed']"}[39m
[38;5;0m[HTTP][0m [37m<-- POST /wd/hub/session/901a4db4-3d7a-4f93-a34f-8da1fbde0a61/elements [39m[32m200[39m [90m134 ms - 12[39m
[38;5;0m[HTTP][0m [90m[39m
[38;5;0m[HTTP][0m [37m-->[39m [37mPOST[39m [37m/wd/hub/session/901a4db4-3d7a-4f93-a34f-8da1fbde0a61/elements[39m
[38;5;0m[HTTP][0m [90m{"using":"xpath","value":"//*[@class = 'android.widget.TextView' and (@text = 'Incorrect user name or password.' or . = 'Incorrect user name or password.') and @resource-id = 'com.Advantage.aShopping:id/textViewFailed']"}[39m
[38;5;0m[HTTP][0m [37m<-- POST /wd/hub/session/901a4db4-3d7a-4f93-a34f-8da1fbde0a61/elements [39m[32m200[39m [90m145 ms - 12[39m
[38;5;0m[HTTP][0m [90m[39m
[38;5;0m[HTTP][0m [37m-->[39m [37mPOST[39m [37m/wd/hub/session/901a4db4-3d7a-4f93-a34f-8da1fbde0a61/elements[39m
[38;5;0m[HTTP][0m [90m{"using":"xpath","value":"//*[@class = 'android.widget.TextView' and (@text = 'Incorrect user name or password.' or . = 'Incorrect user name or password.') and @resource-id = 'com.Advantage.aShopping:id/textViewFailed']"}[39m
[38;5;0m[HTTP][0m [37m<-- POST /wd/hub/session/901a4db4-3d7a-4f93-a34f-8da1fbde0a61/elements [39m[32m200[39m [90m140 ms - 12[39m
[38;5;0m[HTTP][0m [90m[39m
[38;5;0m[HTTP][0m [37m-->[39m [37mPOST[39m [37m/wd/hub/session/901a4db4-3d7a-4f93-a34f-8da1fbde0a61/elements[39m
[38;5;0m[HTTP][0m [90m{"using":"xpath","value":"//*[@class = 'android.widget.TextView' and (@text = 'Incorrect user name or password.' or . = 'Incorrect user name or password.') and @resource-id = 'com.Advantage.aShopping:id/textViewFailed']"}[39m
[38;5;0m[HTTP][0m [37m<-- POST /wd/hub/session/901a4db4-3d7a-4f93-a34f-8da1fbde0a61/elements [39m[32m200[39m [90m160 ms - 12[39m
[38;5;0m[HTTP][0m [90m[39m
[38;5;0m[HTTP][0m [37m-->[39m [37mPOST[39m [37m/wd/hub/session/901a4db4-3d7a-4f93-a34f-8da1fbde0a61/elements[39m
[38;5;0m[HTTP][0m [90m{"using":"xpath","value":"//*[@class = 'android.widget.TextView' and (@text = 'Incorrect user name or password.' or . = 'Incorrect user name or password.') and @resource-id = 'com.Advantage.aShopping:id/textViewFailed']"}[39m
[38;5;0m[HTTP][0m [37m<-- POST /wd/hub/session/901a4db4-3d7a-4f93-a34f-8da1fbde0a61/elements [39m[32m200[39m [90m200 ms - 12[39m
[38;5;0m[HTTP][0m [90m[39m
[38;5;0m[HTTP][0m [37m-->[39m [37mPOST[39m [37m/wd/hub/session/901a4db4-3d7a-4f93-a34f-8da1fbde0a61/elements[39m
[38;5;0m[HTTP][0m [90m{"using":"xpath","value":"//*[@class = 'android.widget.TextView' and (@text = 'Incorrect user name or password.' or . = 'Incorrect user name or password.') and @resource-id = 'com.Advantage.aShopping:id/textViewFailed']"}[39m
[38;5;0m[HTTP][0m [37m<-- POST /wd/hub/session/901a4db4-3d7a-4f93-a34f-8da1fbde0a61/elements [39m[32m200[39m [90m161 ms - 12[39m
[38;5;0m[HTTP][0m [90m[39m
[38;5;0m[HTTP][0m [37m-->[39m [37mPOST[39m [37m/wd/hub/session/901a4db4-3d7a-4f93-a34f-8da1fbde0a61/elements[39m
[38;5;0m[HTTP][0m [90m{"using":"xpath","value":"//*[@class = 'android.widget.TextView' and (@text = 'Incorrect user name or password.' or . = 'Incorrect user name or password.') and @resource-id = 'com.Advantage.aShopping:id/textViewFailed']"}[39m
[38;5;0m[HTTP][0m [37m<-- POST /wd/hub/session/901a4db4-3d7a-4f93-a34f-8da1fbde0a61/elements [39m[32m200[39m [90m172 ms - 12[39m
[38;5;0m[HTTP][0m [90m[39m
[38;5;0m[HTTP][0m [37m-->[39m [37mPOST[39m [37m/wd/hub/session/901a4db4-3d7a-4f93-a34f-8da1fbde0a61/elements[39m
[38;5;0m[HTTP][0m [90m{"using":"xpath","value":"//*[@class = 'android.widget.TextView' and (@text = 'Incorrect user name or password.' or . = 'Incorrect user name or password.') and @resource-id = 'com.Advantage.aShopping:id/textViewFailed']"}[39m
[38;5;0m[HTTP][0m [37m<-- POST /wd/hub/session/901a4db4-3d7a-4f93-a34f-8da1fbde0a61/elements [39m[32m-[39m [90m- ms - -[39m
[38;5;0m[HTTP][0m [90m[39m
