[35m[Appium][39m Welcome to Appium v2.5.0
[35m[Appium][39m Non-default server args:
[35m[Appium][39m { basePath: [32m'/wd/hub'[39m, loglevel: [32m'info'[39m, port: [33m51727[39m }
[35m[Appium][39m Attempting to load driver uiautomator2...
[35m[Appium][39m Appium REST http interface listener started on http://0.0.0.0:51727/wd/hub
[35m[Appium][39m You can provide the following URLs in your client code to connect to this server:
[35m[Appium][39m 	http://172.20.10.3:51727/wd/hub
[35m[Appium][39m 	http://127.0.0.1:51727/wd/hub (only accessible from the same host)
[35m[Appium][39m Available drivers:
[35m[Appium][39m   - uiautomator2@3.0.0 (automationName 'UiAutomator2')
[35m[Appium][39m No plugins have been installed. Use the "appium plugin" command to install the one(s) you want to use.
[38;5;0m[HTTP][0m [37m-->[39m [37mGET[39m [37m/wd/hub/status[39m
[38;5;0m[HTTP][0m [90m{}[39m
[38;5;0m[HTTP][0m [37m<-- GET /wd/hub/status [39m[32m200[39m [90m5 ms - 110[39m
[38;5;0m[HTTP][0m [90m[39m
[38;5;0m[HTTP][0m [37m-->[39m [37mPOST[39m [37m/wd/hub/session[39m
[38;5;0m[HTTP][0m [90m{"desiredCapabilities":{"appium:systemPort":51726,"appium:newCommandTimeout":1800,"appium:automationName":"uiautomator2","appium:fullReset":true,"appium:platformVersion":"14","appium:noReset":false,"appium:udid":"emulator-5554","appium:autoGrantPermissions":true,"appium:platformName":"ANDROID","appium:deviceName":"emulator-5554 (sdk_gphone64_x86_64 - Android 14)","platformName":"Android","appium:app":"C:\\Users\\asus\\Downloads\\Documents\\Compressed\\Advantage+demo+3.2.apk"},"capabilities":{"firstMatch":[{"appium:app":"C:\\Users\\asus\\Downloads\\Documents\\Compressed\\Advantage+demo+3.2.apk","appium:autoGrantPermissions":true,"appium:automationName":"uiautomator2","appium:deviceName":"emulator-5554 (sdk_gphone64_x86_64 - Android 14)","appium:fullReset":true,"appium:newCommandTimeout":1800,"appium:noReset":false,"appium:platformName":"ANDROID","appium:platformVersion":"14","appium:systemPort":51726,"appium:udid":"emulator-5554","platformName":"android"}]}}[39m
[38;5;32m[BaseDriver][0m Ignoring capability 'appium:platformName=ANDROID' and using capability 'platformName=android'
[38;5;32m[BaseDriver][0m The capabilities ["platformName"] are standard capabilities and do not require "appium:" prefix
[35m[Appium][39m Attempting to find matching driver for automationName 'uiautomator2' and platformName 'android'
[35m[Appium][39m The 'uiautomator2' driver was installed and matched caps.
[35m[Appium][39m Will require it at C:\Users\asus\.appium\node_modules\appium-uiautomator2-driver
[38;5;16m[AppiumDriver@289b][0m Appium v2.5.0 creating new AndroidUiautomator2Driver (v3.0.0) session
[38;5;16m[AppiumDriver@289b][0m Checking BaseDriver versions for Appium and AndroidUiautomator2Driver
[38;5;16m[AppiumDriver@289b][0m Appium's BaseDriver version is 9.5.1
[38;5;16m[AppiumDriver@289b][0m AndroidUiautomator2Driver's BaseDriver version is 9.5.1
[38;5;48m[AndroidUiautomator2Driver@7069 (5010b5d0)][0m Session created with session id: 5010b5d0-7fda-4b45-99b2-05ecbe10d8cb
[38;5;64m[ADB][0m Found 1 'build-tools' folders under 'C:\Users\asus\.katalon\tools\android_sdk' (newest first):
[38;5;64m[ADB][0m     C:\Users\asus\.katalon\tools\android_sdk\build-tools\29.0.3
[38;5;64m[ADB][0m Using 'adb.exe' from 'C:\Users\asus\.katalon\tools\android_sdk\platform-tools\adb.exe'
[38;5;48m[AndroidUiautomator2Driver@7069 (5010b5d0)][0m Retrieving device list
[38;5;48m[AndroidUiautomator2Driver@7069 (5010b5d0)][0m Using device: emulator-5554
[38;5;64m[ADB][0m Using 'adb.exe' from 'C:\Users\asus\.katalon\tools\android_sdk\platform-tools\adb.exe'
[38;5;32m[BaseDriver][0m Using local app 'C:\Users\asus\Downloads\Documents\Compressed\Advantage+demo+3.2.apk'
[38;5;64m[ADB][0m Getting device platform version
[38;5;48m[AndroidUiautomator2Driver@7069 (5010b5d0)][0m Relaxing hidden api policy
[38;5;64m[ADB][0m Package name: 'com.Advantage.aShopping'
[38;5;64m[ADB][0m Main activity name: 'com.Advantage.aShopping.SplashActivity'
[38;5;64m[ADB][0m Using 'apksigner.jar' from 'C:\Users\asus\.katalon\tools\android_sdk\build-tools\29.0.3\lib\apksigner.jar'
[38;5;64m[ADB][0m 'C:\Users\asus\.appium\node_modules\appium-uiautomator2-driver\node_modules\appium-uiautomator2-server\apks\appium-uiautomator2-server-debug-androidTest.apk' is signed with the default certificate
[38;5;64m[ADB][0m 'C:\Users\asus\Downloads\Documents\Compressed\Advantage+demo+3.2.apk' is signed with a non-default certificate
[38;5;64m[ADB][0m com.Advantage.aShopping was not uninstalled, because it was not present on the device
[38;5;64m[ADB][0m The application at 'C:\Users\asus\Downloads\Documents\Compressed\Advantage+demo+3.2.apk' will not be cached, because the device under test has confirmed the support of streamed installs
[38;5;64m[ADB][0m The installation of 'Advantage+demo+3.2.apk' took 421ms
[38;5;64m[ADB][0m 'C:\Users\asus\.appium\node_modules\appium-uiautomator2-driver\node_modules\appium-uiautomator2-server\apks\appium-uiautomator2-server-v7.0.0.apk' is signed with the default certificate
[38;5;48m[AndroidUiautomator2Driver@7069 (5010b5d0)][0m Server packages are not going to be (re)installed
[38;5;64m[ADB][0m Adding packages ["io.appium.settings","io.appium.uiautomator2.server","io.appium.uiautomator2.server.test"] to Doze whitelist
[38;5;48m[AndroidUiautomator2Driver@7069 (5010b5d0)][0m Starting UIAutomator2 server 7.0.0
[38;5;48m[AndroidUiautomator2Driver@7069 (5010b5d0)][0m Using UIAutomator2 server from 'C:\Users\asus\.appium\node_modules\appium-uiautomator2-driver\node_modules\appium-uiautomator2-server\apks\appium-uiautomator2-server-v7.0.0.apk' and test from 'C:\Users\asus\.appium\node_modules\appium-uiautomator2-driver\node_modules\appium-uiautomator2-server\apks\appium-uiautomator2-server-debug-androidTest.apk'
[38;5;48m[AndroidUiautomator2Driver@7069 (5010b5d0)][0m Waiting up to 30000ms for UiAutomator2 to be online...
[38;5;48m[AndroidUiautomator2Driver@7069 (5010b5d0)][0m socket hang up
[38;5;48m[AndroidUiautomator2Driver@7069 (5010b5d0)][0m socket hang up
[38;5;48m[AndroidUiautomator2Driver@7069 (5010b5d0)][0m socket hang up
[38;5;48m[AndroidUiautomator2Driver@7069 (5010b5d0)][0m Determined the downstream protocol as 'W3C'
[38;5;48m[AndroidUiautomator2Driver@7069 (5010b5d0)][0m Screen already unlocked, doing nothing
[38;5;48m[AndroidUiautomator2Driver@7069 (5010b5d0)][0m Starting 'com.Advantage.aShopping/com.Advantage.aShopping.SplashActivity and waiting for 'com.Advantage.aShopping/com.Advantage.aShopping.SplashActivity'
[38;5;16m[AppiumDriver@289b][0m New AndroidUiautomator2Driver session created successfully, session 5010b5d0-7fda-4b45-99b2-05ecbe10d8cb added to master session list
[38;5;0m[HTTP][0m [37m<-- POST /wd/hub/session [39m[32m200[39m [90m8947 ms - 1272[39m
[38;5;0m[HTTP][0m [90m[39m
[38;5;0m[HTTP][0m [37m-->[39m [37mGET[39m [37m/wd/hub/session/5010b5d0-7fda-4b45-99b2-05ecbe10d8cb[39m
[38;5;0m[HTTP][0m [90m{}[39m
[38;5;0m[HTTP][0m [37m<-- GET /wd/hub/session/5010b5d0-7fda-4b45-99b2-05ecbe10d8cb [39m[32m200[39m [90m49 ms - 387[39m
[38;5;0m[HTTP][0m [90m[39m
[38;5;0m[HTTP][0m [37m-->[39m [37mGET[39m [37m/wd/hub/session/5010b5d0-7fda-4b45-99b2-05ecbe10d8cb[39m
[38;5;0m[HTTP][0m [90m{}[39m
[38;5;0m[HTTP][0m [37m<-- GET /wd/hub/session/5010b5d0-7fda-4b45-99b2-05ecbe10d8cb [39m[32m200[39m [90m24 ms - 387[39m
[38;5;0m[HTTP][0m [90m[39m
[38;5;0m[HTTP][0m [37m-->[39m [37mGET[39m [37m/wd/hub/status[39m
[38;5;0m[HTTP][0m [90m{}[39m
[38;5;0m[HTTP][0m [37m<-- GET /wd/hub/status [39m[32m200[39m [90m2 ms - 110[39m
[38;5;0m[HTTP][0m [90m[39m
[38;5;0m[HTTP][0m [37m-->[39m [37mPOST[39m [37m/wd/hub/session/5010b5d0-7fda-4b45-99b2-05ecbe10d8cb/timeouts[39m
[38;5;0m[HTTP][0m [90m{"implicit":30000}[39m
[38;5;0m[HTTP][0m [37m<-- POST /wd/hub/session/5010b5d0-7fda-4b45-99b2-05ecbe10d8cb/timeouts [39m[32m200[39m [90m7 ms - 14[39m
[38;5;0m[HTTP][0m [90m[39m
[38;5;0m[HTTP][0m [37m-->[39m [37mGET[39m [37m/wd/hub/session/5010b5d0-7fda-4b45-99b2-05ecbe10d8cb/appium/device/system_bars[39m
[38;5;0m[HTTP][0m [90m{}[39m
[38;5;0m[HTTP][0m [37m<-- GET /wd/hub/session/5010b5d0-7fda-4b45-99b2-05ecbe10d8cb/appium/device/system_bars [39m[32m200[39m [90m307 ms - 152[39m
[38;5;0m[HTTP][0m [90m[39m
[38;5;0m[HTTP][0m [37m-->[39m [37mPOST[39m [37m/wd/hub/session/5010b5d0-7fda-4b45-99b2-05ecbe10d8cb/timeouts[39m
[38;5;0m[HTTP][0m [90m{"implicit":50}[39m
[38;5;0m[HTTP][0m [37m<-- POST /wd/hub/session/5010b5d0-7fda-4b45-99b2-05ecbe10d8cb/timeouts [39m[32m200[39m [90m8 ms - 14[39m
[38;5;0m[HTTP][0m [90m[39m
[38;5;0m[HTTP][0m [37m-->[39m [37mGET[39m [37m/wd/hub/session/5010b5d0-7fda-4b45-99b2-05ecbe10d8cb/window/rect[39m
[38;5;0m[HTTP][0m [90m{}[39m
[38;5;0m[HTTP][0m [37m<-- GET /wd/hub/session/5010b5d0-7fda-4b45-99b2-05ecbe10d8cb/window/rect [39m[32m200[39m [90m48 ms - 50[39m
[38;5;0m[HTTP][0m [90m[39m
[38;5;0m[HTTP][0m [37m-->[39m [37mPOST[39m [37m/wd/hub/session/5010b5d0-7fda-4b45-99b2-05ecbe10d8cb/elements[39m
[38;5;0m[HTTP][0m [90m{"using":"xpath","value":"//*[@class = 'android.widget.ImageView' and @resource-id = 'com.Advantage.aShopping:id/imageViewMenu' and (@text = '' or . = '')]"}[39m
[38;5;0m[HTTP][0m [37m<-- POST /wd/hub/session/5010b5d0-7fda-4b45-99b2-05ecbe10d8cb/elements [39m[32m200[39m [90m2532 ms - 139[39m
[38;5;0m[HTTP][0m [90m[39m
[38;5;0m[HTTP][0m [37m-->[39m [37mGET[39m [37m/wd/hub/session/5010b5d0-7fda-4b45-99b2-05ecbe10d8cb/element/00000000-0000-002d-ffff-ffff00000018/location[39m
[38;5;0m[HTTP][0m [90m{}[39m
[38;5;48m[AndroidUiautomator2Driver@7069 (5010b5d0)][0m Driver proxy active, passing request on via HTTP proxy
[38;5;48m[AndroidUiautomator2Driver@7069 (5010b5d0)][0m Replacing sessionId c74e208a-1875-4a5d-a401-bfb8b0fbbd84 with 5010b5d0-7fda-4b45-99b2-05ecbe10d8cb
[38;5;0m[HTTP][0m [37m<-- GET /wd/hub/session/5010b5d0-7fda-4b45-99b2-05ecbe10d8cb/element/00000000-0000-002d-ffff-ffff00000018/location [39m[32m200[39m [90m955 ms - 76[39m
[38;5;0m[HTTP][0m [90m[39m
[38;5;0m[HTTP][0m [37m-->[39m [37mPOST[39m [37m/wd/hub/session/5010b5d0-7fda-4b45-99b2-05ecbe10d8cb/timeouts[39m
[38;5;0m[HTTP][0m [90m{"implicit":30000}[39m
[38;5;0m[HTTP][0m [37m<-- POST /wd/hub/session/5010b5d0-7fda-4b45-99b2-05ecbe10d8cb/timeouts [39m[32m200[39m [90m1 ms - 14[39m
[38;5;0m[HTTP][0m [90m[39m
[38;5;0m[HTTP][0m [37m-->[39m [37mPOST[39m [37m/wd/hub/session/5010b5d0-7fda-4b45-99b2-05ecbe10d8cb/element/00000000-0000-002d-ffff-ffff00000018/click[39m
[38;5;0m[HTTP][0m [90m{"id":"00000000-0000-002d-ffff-ffff00000018"}[39m
[38;5;0m[HTTP][0m [37m<-- POST /wd/hub/session/5010b5d0-7fda-4b45-99b2-05ecbe10d8cb/element/00000000-0000-002d-ffff-ffff00000018/click [39m[32m200[39m [90m1231 ms - 14[39m
[38;5;0m[HTTP][0m [90m[39m
[38;5;0m[HTTP][0m [37m-->[39m [37mPOST[39m [37m/wd/hub/session/5010b5d0-7fda-4b45-99b2-05ecbe10d8cb/timeouts[39m
[38;5;0m[HTTP][0m [90m{"implicit":50}[39m
[38;5;0m[HTTP][0m [37m<-- POST /wd/hub/session/5010b5d0-7fda-4b45-99b2-05ecbe10d8cb/timeouts [39m[32m200[39m [90m1 ms - 14[39m
[38;5;0m[HTTP][0m [90m[39m
[38;5;0m[HTTP][0m [37m-->[39m [37mGET[39m [37m/wd/hub/session/5010b5d0-7fda-4b45-99b2-05ecbe10d8cb/window/rect[39m
[38;5;0m[HTTP][0m [90m{}[39m
[38;5;0m[HTTP][0m [37m<-- GET /wd/hub/session/5010b5d0-7fda-4b45-99b2-05ecbe10d8cb/window/rect [39m[32m200[39m [90m20 ms - 50[39m
[38;5;0m[HTTP][0m [90m[39m
[38;5;0m[HTTP][0m [37m-->[39m [37mPOST[39m [37m/wd/hub/session/5010b5d0-7fda-4b45-99b2-05ecbe10d8cb/elements[39m
[38;5;0m[HTTP][0m [90m{"using":"xpath","value":"//hierarchy/android.widget.FrameLayout[1]/android.widget.LinearLayout[1]/android.widget.FrameLayout[1]/android.widget.LinearLayout[1]/android.widget.FrameLayout[1]/androidx.drawerlayout.widget.DrawerLayout[1]/android.widget.FrameLayout[1]/androidx.recyclerview.widget.RecyclerView[1]/android.widget.LinearLayout[1]/android.widget.LinearLayout[1]/android.widget.LinearLayout[1]/android.widget.LinearLayout[1]/android.widget.LinearLayout[1]"}[39m
[38;5;0m[HTTP][0m [37m<-- POST /wd/hub/session/5010b5d0-7fda-4b45-99b2-05ecbe10d8cb/elements [39m[32m200[39m [90m363 ms - 139[39m
[38;5;0m[HTTP][0m [90m[39m
[38;5;0m[HTTP][0m [37m-->[39m [37mGET[39m [37m/wd/hub/session/5010b5d0-7fda-4b45-99b2-05ecbe10d8cb/element/00000000-0000-002d-ffff-ffff00000040/location[39m
[38;5;0m[HTTP][0m [90m{}[39m
[38;5;48m[AndroidUiautomator2Driver@7069 (5010b5d0)][0m Driver proxy active, passing request on via HTTP proxy
[38;5;48m[AndroidUiautomator2Driver@7069 (5010b5d0)][0m Replacing sessionId c74e208a-1875-4a5d-a401-bfb8b0fbbd84 with 5010b5d0-7fda-4b45-99b2-05ecbe10d8cb
[38;5;0m[HTTP][0m [37m<-- GET /wd/hub/session/5010b5d0-7fda-4b45-99b2-05ecbe10d8cb/element/00000000-0000-002d-ffff-ffff00000040/location [39m[32m200[39m [90m134 ms - 78[39m
[38;5;0m[HTTP][0m [90m[39m
[38;5;0m[HTTP][0m [37m-->[39m [37mPOST[39m [37m/wd/hub/session/5010b5d0-7fda-4b45-99b2-05ecbe10d8cb/timeouts[39m
[38;5;0m[HTTP][0m [90m{"implicit":30000}[39m
[38;5;0m[HTTP][0m [37m<-- POST /wd/hub/session/5010b5d0-7fda-4b45-99b2-05ecbe10d8cb/timeouts [39m[32m200[39m [90m2 ms - 14[39m
[38;5;0m[HTTP][0m [90m[39m
[38;5;0m[HTTP][0m [37m-->[39m [37mPOST[39m [37m/wd/hub/session/5010b5d0-7fda-4b45-99b2-05ecbe10d8cb/element/00000000-0000-002d-ffff-ffff00000040/click[39m
[38;5;0m[HTTP][0m [90m{"id":"00000000-0000-002d-ffff-ffff00000040"}[39m
[38;5;0m[HTTP][0m [37m<-- POST /wd/hub/session/5010b5d0-7fda-4b45-99b2-05ecbe10d8cb/element/00000000-0000-002d-ffff-ffff00000040/click [39m[32m200[39m [90m149 ms - 14[39m
[38;5;0m[HTTP][0m [90m[39m
[38;5;0m[HTTP][0m [37m-->[39m [37mPOST[39m [37m/wd/hub/session/5010b5d0-7fda-4b45-99b2-05ecbe10d8cb/timeouts[39m
[38;5;0m[HTTP][0m [90m{"implicit":50}[39m
[38;5;0m[HTTP][0m [37m<-- POST /wd/hub/session/5010b5d0-7fda-4b45-99b2-05ecbe10d8cb/timeouts [39m[32m200[39m [90m3 ms - 14[39m
[38;5;0m[HTTP][0m [90m[39m
[38;5;0m[HTTP][0m [37m-->[39m [37mGET[39m [37m/wd/hub/session/5010b5d0-7fda-4b45-99b2-05ecbe10d8cb/window/rect[39m
[38;5;0m[HTTP][0m [90m{}[39m
[38;5;0m[HTTP][0m [37m<-- GET /wd/hub/session/5010b5d0-7fda-4b45-99b2-05ecbe10d8cb/window/rect [39m[32m200[39m [90m27 ms - 50[39m
[38;5;0m[HTTP][0m [90m[39m
[38;5;0m[HTTP][0m [37m-->[39m [37mPOST[39m [37m/wd/hub/session/5010b5d0-7fda-4b45-99b2-05ecbe10d8cb/elements[39m
[38;5;0m[HTTP][0m [90m{"using":"xpath","value":"//*[@class = 'android.widget.TextView' and (@text = 'SIGN UP TODAY' or . = 'SIGN UP TODAY') and @resource-id = 'com.Advantage.aShopping:id/textViewSingUpToday']"}[39m
[38;5;0m[HTTP][0m [37m<-- POST /wd/hub/session/5010b5d0-7fda-4b45-99b2-05ecbe10d8cb/elements [39m[32m200[39m [90m1738 ms - 139[39m
[38;5;0m[HTTP][0m [90m[39m
[38;5;0m[HTTP][0m [37m-->[39m [37mGET[39m [37m/wd/hub/session/5010b5d0-7fda-4b45-99b2-05ecbe10d8cb/element/00000000-0000-002e-ffff-ffff00000086/location[39m
[38;5;0m[HTTP][0m [90m{}[39m
[38;5;48m[AndroidUiautomator2Driver@7069 (5010b5d0)][0m Driver proxy active, passing request on via HTTP proxy
[38;5;48m[AndroidUiautomator2Driver@7069 (5010b5d0)][0m Replacing sessionId c74e208a-1875-4a5d-a401-bfb8b0fbbd84 with 5010b5d0-7fda-4b45-99b2-05ecbe10d8cb
[38;5;0m[HTTP][0m [37m<-- GET /wd/hub/session/5010b5d0-7fda-4b45-99b2-05ecbe10d8cb/element/00000000-0000-002e-ffff-ffff00000086/location [39m[32m200[39m [90m36 ms - 79[39m
[38;5;0m[HTTP][0m [90m[39m
[38;5;0m[HTTP][0m [37m-->[39m [37mPOST[39m [37m/wd/hub/session/5010b5d0-7fda-4b45-99b2-05ecbe10d8cb/timeouts[39m
[38;5;0m[HTTP][0m [90m{"implicit":30000}[39m
[38;5;0m[HTTP][0m [37m<-- POST /wd/hub/session/5010b5d0-7fda-4b45-99b2-05ecbe10d8cb/timeouts [39m[32m200[39m [90m1 ms - 14[39m
[38;5;0m[HTTP][0m [90m[39m
[38;5;0m[HTTP][0m [37m-->[39m [37mPOST[39m [37m/wd/hub/session/5010b5d0-7fda-4b45-99b2-05ecbe10d8cb/element/00000000-0000-002e-ffff-ffff00000086/click[39m
[38;5;0m[HTTP][0m [90m{"id":"00000000-0000-002e-ffff-ffff00000086"}[39m
[38;5;0m[HTTP][0m [37m<-- POST /wd/hub/session/5010b5d0-7fda-4b45-99b2-05ecbe10d8cb/element/00000000-0000-002e-ffff-ffff00000086/click [39m[32m200[39m [90m85 ms - 14[39m
[38;5;0m[HTTP][0m [90m[39m
[38;5;0m[HTTP][0m [37m-->[39m [37mPOST[39m [37m/wd/hub/session/5010b5d0-7fda-4b45-99b2-05ecbe10d8cb/timeouts[39m
[38;5;0m[HTTP][0m [90m{"implicit":50}[39m
[38;5;0m[HTTP][0m [37m<-- POST /wd/hub/session/5010b5d0-7fda-4b45-99b2-05ecbe10d8cb/timeouts [39m[32m200[39m [90m3 ms - 14[39m
[38;5;0m[HTTP][0m [90m[39m
[38;5;0m[HTTP][0m [37m-->[39m [37mGET[39m [37m/wd/hub/session/5010b5d0-7fda-4b45-99b2-05ecbe10d8cb/window/rect[39m
[38;5;0m[HTTP][0m [90m{}[39m
[38;5;0m[HTTP][0m [37m<-- GET /wd/hub/session/5010b5d0-7fda-4b45-99b2-05ecbe10d8cb/window/rect [39m[32m200[39m [90m24 ms - 50[39m
[38;5;0m[HTTP][0m [90m[39m
[38;5;0m[HTTP][0m [37m-->[39m [37mPOST[39m [37m/wd/hub/session/5010b5d0-7fda-4b45-99b2-05ecbe10d8cb/elements[39m
[38;5;0m[HTTP][0m [90m{"using":"xpath","value":"//hierarchy/android.widget.FrameLayout[1]/android.widget.LinearLayout[1]/android.widget.FrameLayout[1]/android.widget.LinearLayout[1]/android.widget.FrameLayout[1]/androidx.drawerlayout.widget.DrawerLayout[1]/android.view.ViewGroup[1]/android.widget.LinearLayout[2]/android.widget.ScrollView[1]/android.widget.LinearLayout[1]/android.widget.LinearLayout[1]/android.widget.LinearLayout[1]/android.widget.LinearLayout[1]/android.widget.RelativeLayout[1]/android.widget.EditText[1]"}[39m
[38;5;0m[HTTP][0m [37m<-- POST /wd/hub/session/5010b5d0-7fda-4b45-99b2-05ecbe10d8cb/elements [39m[32m200[39m [90m1324 ms - 139[39m
[38;5;0m[HTTP][0m [90m[39m
[38;5;0m[HTTP][0m [37m-->[39m [37mGET[39m [37m/wd/hub/session/5010b5d0-7fda-4b45-99b2-05ecbe10d8cb/element/00000000-0000-002d-ffff-ffff000000b0/location[39m
[38;5;0m[HTTP][0m [90m{}[39m
[38;5;48m[AndroidUiautomator2Driver@7069 (5010b5d0)][0m Driver proxy active, passing request on via HTTP proxy
[38;5;48m[AndroidUiautomator2Driver@7069 (5010b5d0)][0m Replacing sessionId c74e208a-1875-4a5d-a401-bfb8b0fbbd84 with 5010b5d0-7fda-4b45-99b2-05ecbe10d8cb
[38;5;0m[HTTP][0m [37m<-- GET /wd/hub/session/5010b5d0-7fda-4b45-99b2-05ecbe10d8cb/element/00000000-0000-002d-ffff-ffff000000b0/location [39m[32m200[39m [90m124 ms - 78[39m
[38;5;0m[HTTP][0m [90m[39m
[38;5;0m[HTTP][0m [37m-->[39m [37mPOST[39m [37m/wd/hub/session/5010b5d0-7fda-4b45-99b2-05ecbe10d8cb/timeouts[39m
[38;5;0m[HTTP][0m [90m{"implicit":30000}[39m
[38;5;0m[HTTP][0m [37m<-- POST /wd/hub/session/5010b5d0-7fda-4b45-99b2-05ecbe10d8cb/timeouts [39m[32m200[39m [90m2 ms - 14[39m
[38;5;0m[HTTP][0m [90m[39m
[38;5;0m[HTTP][0m [37m-->[39m [37mPOST[39m [37m/wd/hub/session/5010b5d0-7fda-4b45-99b2-05ecbe10d8cb/element/00000000-0000-002d-ffff-ffff000000b0/clear[39m
[38;5;0m[HTTP][0m [90m{"id":"00000000-0000-002d-ffff-ffff000000b0"}[39m
[38;5;0m[HTTP][0m [37m<-- POST /wd/hub/session/5010b5d0-7fda-4b45-99b2-05ecbe10d8cb/element/00000000-0000-002d-ffff-ffff000000b0/clear [39m[32m200[39m [90m48 ms - 14[39m
[38;5;0m[HTTP][0m [90m[39m
[38;5;0m[HTTP][0m [37m-->[39m [37mPOST[39m [37m/wd/hub/session/5010b5d0-7fda-4b45-99b2-05ecbe10d8cb/element/00000000-0000-002d-ffff-ffff000000b0/click[39m
[38;5;0m[HTTP][0m [90m{"id":"00000000-0000-002d-ffff-ffff000000b0"}[39m
[38;5;0m[HTTP][0m [37m<-- POST /wd/hub/session/5010b5d0-7fda-4b45-99b2-05ecbe10d8cb/element/00000000-0000-002d-ffff-ffff000000b0/click [39m[32m200[39m [90m1727 ms - 14[39m
[38;5;0m[HTTP][0m [90m[39m
[38;5;0m[HTTP][0m [37m-->[39m [37mPOST[39m [37m/wd/hub/session/5010b5d0-7fda-4b45-99b2-05ecbe10d8cb/element/00000000-0000-002d-ffff-ffff000000b0/value[39m
[38;5;0m[HTTP][0m [90m{"id":"00000000-0000-002d-ffff-ffff000000b0","text":"kelinci","value":["k","e","l","i","n","c","i"]}[39m
[38;5;0m[HTTP][0m [37m<-- POST /wd/hub/session/5010b5d0-7fda-4b45-99b2-05ecbe10d8cb/element/00000000-0000-002d-ffff-ffff000000b0/value [39m[32m200[39m [90m81 ms - 14[39m
[38;5;0m[HTTP][0m [90m[39m
[38;5;0m[HTTP][0m [37m-->[39m [37mPOST[39m [37m/wd/hub/session/5010b5d0-7fda-4b45-99b2-05ecbe10d8cb/timeouts[39m
[38;5;0m[HTTP][0m [90m{"implicit":50}[39m
[38;5;0m[HTTP][0m [37m<-- POST /wd/hub/session/5010b5d0-7fda-4b45-99b2-05ecbe10d8cb/timeouts [39m[32m200[39m [90m2 ms - 14[39m
[38;5;0m[HTTP][0m [90m[39m
[38;5;0m[HTTP][0m [37m-->[39m [37mGET[39m [37m/wd/hub/session/5010b5d0-7fda-4b45-99b2-05ecbe10d8cb/window/rect[39m
[38;5;0m[HTTP][0m [90m{}[39m
[38;5;0m[HTTP][0m [37m<-- GET /wd/hub/session/5010b5d0-7fda-4b45-99b2-05ecbe10d8cb/window/rect [39m[32m200[39m [90m39 ms - 50[39m
[38;5;0m[HTTP][0m [90m[39m
[38;5;0m[HTTP][0m [37m-->[39m [37mPOST[39m [37m/wd/hub/session/5010b5d0-7fda-4b45-99b2-05ecbe10d8cb/elements[39m
[38;5;0m[HTTP][0m [90m{"using":"xpath","value":"//hierarchy/android.widget.FrameLayout[1]/android.widget.LinearLayout[1]/android.widget.FrameLayout[1]/android.widget.LinearLayout[1]/android.widget.FrameLayout[1]/androidx.drawerlayout.widget.DrawerLayout[1]/android.view.ViewGroup[1]/android.widget.LinearLayout[2]/android.widget.ScrollView[1]/android.widget.LinearLayout[1]/android.widget.LinearLayout[1]/android.widget.LinearLayout[1]/android.widget.LinearLayout[2]/android.widget.RelativeLayout[1]/android.widget.EditText[1]"}[39m
[38;5;0m[HTTP][0m [37m<-- POST /wd/hub/session/5010b5d0-7fda-4b45-99b2-05ecbe10d8cb/elements [39m[32m200[39m [90m987 ms - 139[39m
[38;5;0m[HTTP][0m [90m[39m
[38;5;0m[HTTP][0m [37m-->[39m [37mGET[39m [37m/wd/hub/session/5010b5d0-7fda-4b45-99b2-05ecbe10d8cb/element/00000000-0000-002d-ffff-ffff000000b6/location[39m
[38;5;0m[HTTP][0m [90m{}[39m
[38;5;48m[AndroidUiautomator2Driver@7069 (5010b5d0)][0m Driver proxy active, passing request on via HTTP proxy
[38;5;48m[AndroidUiautomator2Driver@7069 (5010b5d0)][0m Replacing sessionId c74e208a-1875-4a5d-a401-bfb8b0fbbd84 with 5010b5d0-7fda-4b45-99b2-05ecbe10d8cb
[38;5;0m[HTTP][0m [37m<-- GET /wd/hub/session/5010b5d0-7fda-4b45-99b2-05ecbe10d8cb/element/00000000-0000-002d-ffff-ffff000000b6/location [39m[32m200[39m [90m24 ms - 78[39m
[38;5;0m[HTTP][0m [90m[39m
[38;5;0m[HTTP][0m [37m-->[39m [37mPOST[39m [37m/wd/hub/session/5010b5d0-7fda-4b45-99b2-05ecbe10d8cb/timeouts[39m
[38;5;0m[HTTP][0m [90m{"implicit":30000}[39m
[38;5;0m[HTTP][0m [37m<-- POST /wd/hub/session/5010b5d0-7fda-4b45-99b2-05ecbe10d8cb/timeouts [39m[32m200[39m [90m1 ms - 14[39m
[38;5;0m[HTTP][0m [90m[39m
[38;5;0m[HTTP][0m [37m-->[39m [37mPOST[39m [37m/wd/hub/session/5010b5d0-7fda-4b45-99b2-05ecbe10d8cb/element/00000000-0000-002d-ffff-ffff000000b6/clear[39m
[38;5;0m[HTTP][0m [90m{"id":"00000000-0000-002d-ffff-ffff000000b6"}[39m
[38;5;0m[HTTP][0m [37m<-- POST /wd/hub/session/5010b5d0-7fda-4b45-99b2-05ecbe10d8cb/element/00000000-0000-002d-ffff-ffff000000b6/clear [39m[32m200[39m [90m48 ms - 14[39m
[38;5;0m[HTTP][0m [90m[39m
[38;5;0m[HTTP][0m [37m-->[39m [37mPOST[39m [37m/wd/hub/session/5010b5d0-7fda-4b45-99b2-05ecbe10d8cb/element/00000000-0000-002d-ffff-ffff000000b6/click[39m
[38;5;0m[HTTP][0m [90m{"id":"00000000-0000-002d-ffff-ffff000000b6"}[39m
[38;5;0m[HTTP][0m [37m<-- POST /wd/hub/session/5010b5d0-7fda-4b45-99b2-05ecbe10d8cb/element/00000000-0000-002d-ffff-ffff000000b6/click [39m[32m200[39m [90m566 ms - 14[39m
[38;5;0m[HTTP][0m [90m[39m
[38;5;0m[HTTP][0m [37m-->[39m [37mPOST[39m [37m/wd/hub/session/5010b5d0-7fda-4b45-99b2-05ecbe10d8cb/element/00000000-0000-002d-ffff-ffff000000b6/value[39m
[38;5;0m[HTTP][0m [90m{"id":"00000000-0000-002d-ffff-ffff000000b6","text":"kelinci@gmail.com","value":["k","e","l","i","n","c","i","@","g","m","a","i","l",".","c","o","m"]}[39m
[38;5;0m[HTTP][0m [37m<-- POST /wd/hub/session/5010b5d0-7fda-4b45-99b2-05ecbe10d8cb/element/00000000-0000-002d-ffff-ffff000000b6/value [39m[32m200[39m [90m672 ms - 14[39m
[38;5;0m[HTTP][0m [90m[39m
[38;5;0m[HTTP][0m [37m-->[39m [37mPOST[39m [37m/wd/hub/session/5010b5d0-7fda-4b45-99b2-05ecbe10d8cb/timeouts[39m
[38;5;0m[HTTP][0m [90m{"implicit":50}[39m
[38;5;0m[HTTP][0m [37m<-- POST /wd/hub/session/5010b5d0-7fda-4b45-99b2-05ecbe10d8cb/timeouts [39m[32m200[39m [90m1 ms - 14[39m
[38;5;0m[HTTP][0m [90m[39m
[38;5;0m[HTTP][0m [37m-->[39m [37mGET[39m [37m/wd/hub/session/5010b5d0-7fda-4b45-99b2-05ecbe10d8cb/window/rect[39m
[38;5;0m[HTTP][0m [90m{}[39m
[38;5;0m[HTTP][0m [37m<-- GET /wd/hub/session/5010b5d0-7fda-4b45-99b2-05ecbe10d8cb/window/rect [39m[32m200[39m [90m21 ms - 50[39m
[38;5;0m[HTTP][0m [90m[39m
[38;5;0m[HTTP][0m [37m-->[39m [37mPOST[39m [37m/wd/hub/session/5010b5d0-7fda-4b45-99b2-05ecbe10d8cb/elements[39m
[38;5;0m[HTTP][0m [90m{"using":"xpath","value":"//hierarchy/android.widget.FrameLayout[1]/android.widget.LinearLayout[1]/android.widget.FrameLayout[1]/android.widget.LinearLayout[1]/android.widget.FrameLayout[1]/androidx.drawerlayout.widget.DrawerLayout[1]/android.view.ViewGroup[1]/android.widget.LinearLayout[2]/android.widget.ScrollView[1]/android.widget.LinearLayout[1]/android.widget.LinearLayout[1]/android.widget.LinearLayout[1]/android.widget.LinearLayout[3]/android.widget.RelativeLayout[1]/android.widget.EditText[1]"}[39m
[38;5;0m[HTTP][0m [37m<-- POST /wd/hub/session/5010b5d0-7fda-4b45-99b2-05ecbe10d8cb/elements [39m[32m200[39m [90m786 ms - 139[39m
[38;5;0m[HTTP][0m [90m[39m
[38;5;0m[HTTP][0m [37m-->[39m [37mGET[39m [37m/wd/hub/session/5010b5d0-7fda-4b45-99b2-05ecbe10d8cb/element/00000000-0000-002d-ffff-ffff000000bc/location[39m
[38;5;0m[HTTP][0m [90m{}[39m
[38;5;48m[AndroidUiautomator2Driver@7069 (5010b5d0)][0m Driver proxy active, passing request on via HTTP proxy
[38;5;48m[AndroidUiautomator2Driver@7069 (5010b5d0)][0m Replacing sessionId c74e208a-1875-4a5d-a401-bfb8b0fbbd84 with 5010b5d0-7fda-4b45-99b2-05ecbe10d8cb
[38;5;0m[HTTP][0m [37m<-- GET /wd/hub/session/5010b5d0-7fda-4b45-99b2-05ecbe10d8cb/element/00000000-0000-002d-ffff-ffff000000bc/location [39m[32m200[39m [90m21 ms - 79[39m
[38;5;0m[HTTP][0m [90m[39m
[38;5;0m[HTTP][0m [37m-->[39m [37mPOST[39m [37m/wd/hub/session/5010b5d0-7fda-4b45-99b2-05ecbe10d8cb/timeouts[39m
[38;5;0m[HTTP][0m [90m{"implicit":30000}[39m
[38;5;0m[HTTP][0m [37m<-- POST /wd/hub/session/5010b5d0-7fda-4b45-99b2-05ecbe10d8cb/timeouts [39m[32m200[39m [90m1 ms - 14[39m
[38;5;0m[HTTP][0m [90m[39m
[38;5;0m[HTTP][0m [37m-->[39m [37mPOST[39m [37m/wd/hub/session/5010b5d0-7fda-4b45-99b2-05ecbe10d8cb/element/00000000-0000-002d-ffff-ffff000000bc/clear[39m
[38;5;0m[HTTP][0m [90m{"id":"00000000-0000-002d-ffff-ffff000000bc"}[39m
[38;5;0m[HTTP][0m [37m<-- POST /wd/hub/session/5010b5d0-7fda-4b45-99b2-05ecbe10d8cb/element/00000000-0000-002d-ffff-ffff000000bc/clear [39m[32m200[39m [90m24 ms - 14[39m
[38;5;0m[HTTP][0m [90m[39m
[38;5;0m[HTTP][0m [37m-->[39m [37mPOST[39m [37m/wd/hub/session/5010b5d0-7fda-4b45-99b2-05ecbe10d8cb/element/00000000-0000-002d-ffff-ffff000000bc/click[39m
[38;5;0m[HTTP][0m [90m{"id":"00000000-0000-002d-ffff-ffff000000bc"}[39m
[38;5;0m[HTTP][0m [37m<-- POST /wd/hub/session/5010b5d0-7fda-4b45-99b2-05ecbe10d8cb/element/00000000-0000-002d-ffff-ffff000000bc/click [39m[32m200[39m [90m562 ms - 14[39m
[38;5;0m[HTTP][0m [90m[39m
[38;5;0m[HTTP][0m [37m-->[39m [37mPOST[39m [37m/wd/hub/session/5010b5d0-7fda-4b45-99b2-05ecbe10d8cb/element/00000000-0000-002d-ffff-ffff000000bc/value[39m
[38;5;0m[HTTP][0m [90m{"id":"00000000-0000-002d-ffff-ffff000000bc","text":"Kelinci1","value":["K","e","l","i","n","c","i","1"]}[39m
[38;5;0m[HTTP][0m [37m<-- POST /wd/hub/session/5010b5d0-7fda-4b45-99b2-05ecbe10d8cb/element/00000000-0000-002d-ffff-ffff000000bc/value [39m[32m200[39m [90m671 ms - 14[39m
[38;5;0m[HTTP][0m [90m[39m
[38;5;0m[HTTP][0m [37m-->[39m [37mPOST[39m [37m/wd/hub/session/5010b5d0-7fda-4b45-99b2-05ecbe10d8cb/timeouts[39m
[38;5;0m[HTTP][0m [90m{"implicit":50}[39m
[38;5;0m[HTTP][0m [37m<-- POST /wd/hub/session/5010b5d0-7fda-4b45-99b2-05ecbe10d8cb/timeouts [39m[32m200[39m [90m2 ms - 14[39m
[38;5;0m[HTTP][0m [90m[39m
[38;5;0m[HTTP][0m [37m-->[39m [37mGET[39m [37m/wd/hub/session/5010b5d0-7fda-4b45-99b2-05ecbe10d8cb/window/rect[39m
[38;5;0m[HTTP][0m [90m{}[39m
[38;5;0m[HTTP][0m [37m<-- GET /wd/hub/session/5010b5d0-7fda-4b45-99b2-05ecbe10d8cb/window/rect [39m[32m200[39m [90m15 ms - 50[39m
[38;5;0m[HTTP][0m [90m[39m
[38;5;0m[HTTP][0m [37m-->[39m [37mPOST[39m [37m/wd/hub/session/5010b5d0-7fda-4b45-99b2-05ecbe10d8cb/elements[39m
[38;5;0m[HTTP][0m [90m{"using":"xpath","value":"//hierarchy/android.widget.FrameLayout[1]/android.widget.LinearLayout[1]/android.widget.FrameLayout[1]/android.widget.LinearLayout[1]/android.widget.FrameLayout[1]/androidx.drawerlayout.widget.DrawerLayout[1]/android.view.ViewGroup[1]/android.widget.LinearLayout[2]/android.widget.ScrollView[1]/android.widget.LinearLayout[1]/android.widget.LinearLayout[1]/android.widget.LinearLayout[1]/android.widget.LinearLayout[4]/android.widget.RelativeLayout[1]/android.widget.EditText[1]"}[39m
[38;5;0m[HTTP][0m [37m<-- POST /wd/hub/session/5010b5d0-7fda-4b45-99b2-05ecbe10d8cb/elements [39m[32m200[39m [90m758 ms - 139[39m
[38;5;0m[HTTP][0m [90m[39m
[38;5;0m[HTTP][0m [37m-->[39m [37mGET[39m [37m/wd/hub/session/5010b5d0-7fda-4b45-99b2-05ecbe10d8cb/element/00000000-0000-002d-ffff-ffff000000c2/location[39m
[38;5;0m[HTTP][0m [90m{}[39m
[38;5;48m[AndroidUiautomator2Driver@7069 (5010b5d0)][0m Driver proxy active, passing request on via HTTP proxy
[38;5;48m[AndroidUiautomator2Driver@7069 (5010b5d0)][0m Replacing sessionId c74e208a-1875-4a5d-a401-bfb8b0fbbd84 with 5010b5d0-7fda-4b45-99b2-05ecbe10d8cb
[38;5;0m[HTTP][0m [37m<-- GET /wd/hub/session/5010b5d0-7fda-4b45-99b2-05ecbe10d8cb/element/00000000-0000-002d-ffff-ffff000000c2/location [39m[32m200[39m [90m20 ms - 79[39m
[38;5;0m[HTTP][0m [90m[39m
[38;5;0m[HTTP][0m [37m-->[39m [37mPOST[39m [37m/wd/hub/session/5010b5d0-7fda-4b45-99b2-05ecbe10d8cb/timeouts[39m
[38;5;0m[HTTP][0m [90m{"implicit":30000}[39m
[38;5;0m[HTTP][0m [37m<-- POST /wd/hub/session/5010b5d0-7fda-4b45-99b2-05ecbe10d8cb/timeouts [39m[32m200[39m [90m1 ms - 14[39m
[38;5;0m[HTTP][0m [90m[39m
[38;5;0m[HTTP][0m [37m-->[39m [37mPOST[39m [37m/wd/hub/session/5010b5d0-7fda-4b45-99b2-05ecbe10d8cb/element/00000000-0000-002d-ffff-ffff000000c2/clear[39m
[38;5;0m[HTTP][0m [90m{"id":"00000000-0000-002d-ffff-ffff000000c2"}[39m
[38;5;0m[HTTP][0m [37m<-- POST /wd/hub/session/5010b5d0-7fda-4b45-99b2-05ecbe10d8cb/element/00000000-0000-002d-ffff-ffff000000c2/clear [39m[32m200[39m [90m27 ms - 14[39m
[38;5;0m[HTTP][0m [90m[39m
[38;5;0m[HTTP][0m [37m-->[39m [37mPOST[39m [37m/wd/hub/session/5010b5d0-7fda-4b45-99b2-05ecbe10d8cb/element/00000000-0000-002d-ffff-ffff000000c2/click[39m
[38;5;0m[HTTP][0m [90m{"id":"00000000-0000-002d-ffff-ffff000000c2"}[39m
[38;5;0m[HTTP][0m [37m<-- POST /wd/hub/session/5010b5d0-7fda-4b45-99b2-05ecbe10d8cb/element/00000000-0000-002d-ffff-ffff000000c2/click [39m[32m200[39m [90m575 ms - 14[39m
[38;5;0m[HTTP][0m [90m[39m
[38;5;0m[HTTP][0m [37m-->[39m [37mPOST[39m [37m/wd/hub/session/5010b5d0-7fda-4b45-99b2-05ecbe10d8cb/element/00000000-0000-002d-ffff-ffff000000c2/value[39m
[38;5;0m[HTTP][0m [90m{"id":"00000000-0000-002d-ffff-ffff000000c2","text":"Kelinci1","value":["K","e","l","i","n","c","i","1"]}[39m
[38;5;0m[HTTP][0m [37m<-- POST /wd/hub/session/5010b5d0-7fda-4b45-99b2-05ecbe10d8cb/element/00000000-0000-002d-ffff-ffff000000c2/value [39m[32m200[39m [90m613 ms - 14[39m
[38;5;0m[HTTP][0m [90m[39m
[38;5;0m[HTTP][0m [37m-->[39m [37mGET[39m [37m/wd/hub/session/5010b5d0-7fda-4b45-99b2-05ecbe10d8cb/context[39m
[38;5;0m[HTTP][0m [90m{}[39m
[38;5;0m[HTTP][0m [37m<-- GET /wd/hub/session/5010b5d0-7fda-4b45-99b2-05ecbe10d8cb/context [39m[32m200[39m [90m2 ms - 22[39m
[38;5;0m[HTTP][0m [90m[39m
[38;5;0m[HTTP][0m [37m-->[39m [37mGET[39m [37m/wd/hub/session/5010b5d0-7fda-4b45-99b2-05ecbe10d8cb/contexts[39m
[38;5;0m[HTTP][0m [90m{}[39m
[38;5;0m[HTTP][0m [37m<-- GET /wd/hub/session/5010b5d0-7fda-4b45-99b2-05ecbe10d8cb/contexts [39m[32m200[39m [90m295 ms - 24[39m
[38;5;0m[HTTP][0m [90m[39m
[38;5;0m[HTTP][0m [37m-->[39m [37mPOST[39m [37m/wd/hub/session/5010b5d0-7fda-4b45-99b2-05ecbe10d8cb/context[39m
[38;5;0m[HTTP][0m [90m{"name":"NATIVE_APP"}[39m
[38;5;0m[HTTP][0m [37m<-- POST /wd/hub/session/5010b5d0-7fda-4b45-99b2-05ecbe10d8cb/context [39m[32m200[39m [90m3 ms - 14[39m
[38;5;0m[HTTP][0m [90m[39m
[38;5;0m[HTTP][0m [37m-->[39m [37mPOST[39m [37m/wd/hub/session/5010b5d0-7fda-4b45-99b2-05ecbe10d8cb/appium/device/hide_keyboard[39m
[38;5;0m[HTTP][0m [90m{}[39m
[38;5;0m[HTTP][0m [37m<-- POST /wd/hub/session/5010b5d0-7fda-4b45-99b2-05ecbe10d8cb/appium/device/hide_keyboard [39m[32m200[39m [90m2133 ms - 14[39m
[38;5;0m[HTTP][0m [90m[39m
[38;5;0m[HTTP][0m [37m-->[39m [37mPOST[39m [37m/wd/hub/session/5010b5d0-7fda-4b45-99b2-05ecbe10d8cb/context[39m
[38;5;0m[HTTP][0m [90m{"name":"NATIVE_APP"}[39m
[38;5;0m[HTTP][0m [37m<-- POST /wd/hub/session/5010b5d0-7fda-4b45-99b2-05ecbe10d8cb/context [39m[32m200[39m [90m2 ms - 14[39m
[38;5;0m[HTTP][0m [90m[39m
[38;5;0m[HTTP][0m [37m-->[39m [37mGET[39m [37m/wd/hub/session/5010b5d0-7fda-4b45-99b2-05ecbe10d8cb/context[39m
[38;5;0m[HTTP][0m [90m{}[39m
[38;5;0m[HTTP][0m [37m<-- GET /wd/hub/session/5010b5d0-7fda-4b45-99b2-05ecbe10d8cb/context [39m[32m200[39m [90m1 ms - 22[39m
[38;5;0m[HTTP][0m [90m[39m
[38;5;0m[HTTP][0m [37m-->[39m [37mGET[39m [37m/wd/hub/session/5010b5d0-7fda-4b45-99b2-05ecbe10d8cb/contexts[39m
[38;5;0m[HTTP][0m [90m{}[39m
[38;5;0m[HTTP][0m [37m<-- GET /wd/hub/session/5010b5d0-7fda-4b45-99b2-05ecbe10d8cb/contexts [39m[32m200[39m [90m313 ms - 24[39m
[38;5;0m[HTTP][0m [90m[39m
[38;5;0m[HTTP][0m [37m-->[39m [37mPOST[39m [37m/wd/hub/session/5010b5d0-7fda-4b45-99b2-05ecbe10d8cb/context[39m
[38;5;0m[HTTP][0m [90m{"name":"NATIVE_APP"}[39m
[38;5;0m[HTTP][0m [37m<-- POST /wd/hub/session/5010b5d0-7fda-4b45-99b2-05ecbe10d8cb/context [39m[32m200[39m [90m1 ms - 14[39m
[38;5;0m[HTTP][0m [90m[39m
[38;5;0m[HTTP][0m [37m-->[39m [37mPOST[39m [37m/wd/hub/session/5010b5d0-7fda-4b45-99b2-05ecbe10d8cb/element[39m
[38;5;0m[HTTP][0m [90m{"using":"-android uiautomator","value":"new UiScrollable(new UiSelector().scrollable(true).instance(0)).scrollIntoView(new UiSelector().textContains(\"REGISTER\"))"}[39m
[38;5;0m[HTTP][0m [37m<-- POST /wd/hub/session/5010b5d0-7fda-4b45-99b2-05ecbe10d8cb/element [39m[32m200[39m [90m2908 ms - 137[39m
[38;5;0m[HTTP][0m [90m[39m
[38;5;0m[HTTP][0m [37m-->[39m [37mPOST[39m [37m/wd/hub/session/5010b5d0-7fda-4b45-99b2-05ecbe10d8cb/context[39m
[38;5;0m[HTTP][0m [90m{"name":"NATIVE_APP"}[39m
[38;5;0m[HTTP][0m [37m<-- POST /wd/hub/session/5010b5d0-7fda-4b45-99b2-05ecbe10d8cb/context [39m[32m200[39m [90m1 ms - 14[39m
[38;5;0m[HTTP][0m [90m[39m
[38;5;0m[HTTP][0m [37m-->[39m [37mPOST[39m [37m/wd/hub/session/5010b5d0-7fda-4b45-99b2-05ecbe10d8cb/timeouts[39m
[38;5;0m[HTTP][0m [90m{"implicit":50}[39m
[38;5;0m[HTTP][0m [37m<-- POST /wd/hub/session/5010b5d0-7fda-4b45-99b2-05ecbe10d8cb/timeouts [39m[32m200[39m [90m1 ms - 14[39m
[38;5;0m[HTTP][0m [90m[39m
[38;5;0m[HTTP][0m [37m-->[39m [37mGET[39m [37m/wd/hub/session/5010b5d0-7fda-4b45-99b2-05ecbe10d8cb/window/rect[39m
[38;5;0m[HTTP][0m [90m{}[39m
[38;5;0m[HTTP][0m [37m<-- GET /wd/hub/session/5010b5d0-7fda-4b45-99b2-05ecbe10d8cb/window/rect [39m[32m200[39m [90m15 ms - 50[39m
[38;5;0m[HTTP][0m [90m[39m
[38;5;0m[HTTP][0m [37m-->[39m [37mPOST[39m [37m/wd/hub/session/5010b5d0-7fda-4b45-99b2-05ecbe10d8cb/elements[39m
[38;5;0m[HTTP][0m [90m{"using":"xpath","value":"//*[@class = 'android.widget.Button' and (@text = 'REGISTER' or . = 'REGISTER') and @resource-id = 'com.Advantage.aShopping:id/buttonRegister']"}[39m
[38;5;0m[HTTP][0m [37m<-- POST /wd/hub/session/5010b5d0-7fda-4b45-99b2-05ecbe10d8cb/elements [39m[32m200[39m [90m328 ms - 139[39m
[38;5;0m[HTTP][0m [90m[39m
[38;5;0m[HTTP][0m [37m-->[39m [37mGET[39m [37m/wd/hub/session/5010b5d0-7fda-4b45-99b2-05ecbe10d8cb/element/00000000-0000-002d-ffff-ffff000000f4/location[39m
[38;5;0m[HTTP][0m [90m{}[39m
[38;5;48m[AndroidUiautomator2Driver@7069 (5010b5d0)][0m Driver proxy active, passing request on via HTTP proxy
[38;5;48m[AndroidUiautomator2Driver@7069 (5010b5d0)][0m Replacing sessionId c74e208a-1875-4a5d-a401-bfb8b0fbbd84 with 5010b5d0-7fda-4b45-99b2-05ecbe10d8cb
[38;5;0m[HTTP][0m [37m<-- GET /wd/hub/session/5010b5d0-7fda-4b45-99b2-05ecbe10d8cb/element/00000000-0000-002d-ffff-ffff000000f4/location [39m[32m200[39m [90m25 ms - 77[39m
[38;5;0m[HTTP][0m [90m[39m
[38;5;0m[HTTP][0m [37m-->[39m [37mPOST[39m [37m/wd/hub/session/5010b5d0-7fda-4b45-99b2-05ecbe10d8cb/timeouts[39m
[38;5;0m[HTTP][0m [90m{"implicit":30000}[39m
[38;5;0m[HTTP][0m [37m<-- POST /wd/hub/session/5010b5d0-7fda-4b45-99b2-05ecbe10d8cb/timeouts [39m[32m200[39m [90m1 ms - 14[39m
[38;5;0m[HTTP][0m [90m[39m
[38;5;0m[HTTP][0m [37m-->[39m [37mPOST[39m [37m/wd/hub/session/5010b5d0-7fda-4b45-99b2-05ecbe10d8cb/element/00000000-0000-002d-ffff-ffff000000f4/click[39m
[38;5;0m[HTTP][0m [90m{"id":"00000000-0000-002d-ffff-ffff000000f4"}[39m
[38;5;0m[HTTP][0m [37m<-- POST /wd/hub/session/5010b5d0-7fda-4b45-99b2-05ecbe10d8cb/element/00000000-0000-002d-ffff-ffff000000f4/click [39m[32m200[39m [90m63 ms - 14[39m
[38;5;0m[HTTP][0m [90m[39m
[38;5;0m[HTTP][0m [37m-->[39m [37mGET[39m [37m/wd/hub/session/5010b5d0-7fda-4b45-99b2-05ecbe10d8cb/context[39m
[38;5;0m[HTTP][0m [90m{}[39m
[38;5;0m[HTTP][0m [37m<-- GET /wd/hub/session/5010b5d0-7fda-4b45-99b2-05ecbe10d8cb/context [39m[32m200[39m [90m1 ms - 22[39m
[38;5;0m[HTTP][0m [90m[39m
[38;5;0m[HTTP][0m [37m-->[39m [37mGET[39m [37m/wd/hub/session/5010b5d0-7fda-4b45-99b2-05ecbe10d8cb/contexts[39m
[38;5;0m[HTTP][0m [90m{}[39m
[38;5;0m[HTTP][0m [37m<-- GET /wd/hub/session/5010b5d0-7fda-4b45-99b2-05ecbe10d8cb/contexts [39m[32m200[39m [90m273 ms - 24[39m
[38;5;0m[HTTP][0m [90m[39m
[38;5;0m[HTTP][0m [37m-->[39m [37mPOST[39m [37m/wd/hub/session/5010b5d0-7fda-4b45-99b2-05ecbe10d8cb/context[39m
[38;5;0m[HTTP][0m [90m{"name":"NATIVE_APP"}[39m
[38;5;0m[HTTP][0m [37m<-- POST /wd/hub/session/5010b5d0-7fda-4b45-99b2-05ecbe10d8cb/context [39m[32m200[39m [90m1 ms - 14[39m
[38;5;0m[HTTP][0m [90m[39m
[38;5;0m[HTTP][0m [37m-->[39m [37mGET[39m [37m/wd/hub/session/5010b5d0-7fda-4b45-99b2-05ecbe10d8cb/appium/device/current_package[39m
[38;5;0m[HTTP][0m [90m{}[39m
[38;5;0m[HTTP][0m [37m<-- GET /wd/hub/session/5010b5d0-7fda-4b45-99b2-05ecbe10d8cb/appium/device/current_package [39m[32m200[39m [90m54 ms - 35[39m
[38;5;0m[HTTP][0m [90m[39m
[38;5;0m[HTTP][0m [37m-->[39m [37mPOST[39m [37m/wd/hub/session/5010b5d0-7fda-4b45-99b2-05ecbe10d8cb/appium/device/terminate_app[39m
[38;5;0m[HTTP][0m [90m{"bundleId":"com.Advantage.aShopping"}[39m
[38;5;48m[AndroidUiautomator2Driver@7069 (5010b5d0)][0m Terminating 'com.Advantage.aShopping'
[38;5;48m[AndroidUiautomator2Driver@7069 (5010b5d0)][0m Querying the state of 'com.Advantage.aShopping'
[38;5;48m[AndroidUiautomator2Driver@7069 (5010b5d0)][0m 'com.Advantage.aShopping' has been successfully terminated
[38;5;0m[HTTP][0m [37m<-- POST /wd/hub/session/5010b5d0-7fda-4b45-99b2-05ecbe10d8cb/appium/device/terminate_app [39m[32m200[39m [90m599 ms - 14[39m
[38;5;0m[HTTP][0m [90m[39m
[38;5;0m[HTTP][0m [37m-->[39m [37mPOST[39m [37m/wd/hub/session/5010b5d0-7fda-4b45-99b2-05ecbe10d8cb/context[39m
[38;5;0m[HTTP][0m [90m{"name":"NATIVE_APP"}[39m
[38;5;0m[HTTP][0m [37m<-- POST /wd/hub/session/5010b5d0-7fda-4b45-99b2-05ecbe10d8cb/context [39m[32m200[39m [90m2 ms - 14[39m
[38;5;0m[HTTP][0m [90m[39m
[38;5;0m[HTTP][0m [37m-->[39m [37mDELETE[39m [37m/wd/hub/session/5010b5d0-7fda-4b45-99b2-05ecbe10d8cb[39m
[38;5;0m[HTTP][0m [90m{}[39m
[38;5;16m[AppiumDriver@289b][0m Removing session 5010b5d0-7fda-4b45-99b2-05ecbe10d8cb from our master session list
[38;5;64m[ADB][0m com.Advantage.aShopping was successfully uninstalled
[38;5;48m[AndroidUiautomator2Driver@7069 (5010b5d0)][0m Restoring hidden api policy to the device default configuration
[38;5;0m[HTTP][0m [37m<-- DELETE /wd/hub/session/5010b5d0-7fda-4b45-99b2-05ecbe10d8cb [39m[32m200[39m [90m1198 ms - 14[39m
[38;5;0m[HTTP][0m [90m[39m
